TN:
SF:src/middleware/security.js
FN:17,(anonymous_0)
FN:67,(anonymous_1)
FN:79,(anonymous_2)
FN:89,(anonymous_3)
FN:101,(anonymous_4)
FN:107,(anonymous_5)
FN:126,(anonymous_6)
FN:154,(anonymous_7)
FN:235,(anonymous_8)
FNF:9
FNH:4
FNDA:0,(anonymous_0)
FNDA:1,(anonymous_1)
FNDA:1,(anonymous_2)
FNDA:8,(anonymous_3)
FNDA:5,(anonymous_4)
FNDA:0,(anonymous_5)
FNDA:0,(anonymous_6)
FNDA:0,(anonymous_7)
FNDA:0,(anonymous_8)
DA:1,2
DA:2,2
DA:3,2
DA:4,2
DA:12,2
DA:17,2
DA:18,0
DA:19,0
DA:21,0
DA:27,2
DA:67,2
DA:68,1
DA:69,1
DA:70,0
DA:73,1
DA:78,1
DA:79,1
DA:80,1
DA:83,0
DA:89,2
DA:90,8
DA:92,8
DA:101,2
DA:102,5
DA:103,4
DA:106,1
DA:107,0
DA:110,1
DA:111,1
DA:112,1
DA:114,4
DA:115,4
DA:117,1
DA:120,0
DA:126,2
DA:127,0
DA:128,0
DA:135,0
DA:136,0
DA:140,0
DA:141,0
DA:142,0
DA:145,0
DA:147,0
DA:154,2
DA:156,0
DA:165,0
DA:174,0
DA:182,0
DA:188,2
DA:202,2
DA:235,2
DA:237,0
DA:246,0
DA:248,0
DA:252,0
DA:256,0
DA:258,0
DA:265,0
DA:269,0
DA:274,0
DA:284,2
DA:295,2
LF:63
LH:34
BRDA:18,0,0,0
BRDA:18,0,1,0
BRDA:18,1,0,0
BRDA:18,1,1,0
BRDA:69,2,0,0
BRDA:69,2,1,1
BRDA:78,3,0,1
BRDA:78,3,1,0
BRDA:90,4,0,0
BRDA:90,4,1,8
BRDA:102,5,0,4
BRDA:102,5,1,1
BRDA:106,6,0,0
BRDA:106,6,1,1
BRDA:110,7,0,1
BRDA:110,7,1,0
BRDA:110,8,0,1
BRDA:110,8,1,1
BRDA:135,9,0,0
BRDA:135,9,1,0
BRDA:135,10,0,0
BRDA:135,10,1,0
BRDA:141,11,0,0
BRDA:141,11,1,0
BRDA:206,12,0,0
BRDA:206,12,1,2
BRDA:209,13,0,0
BRDA:209,13,1,2
BRDA:242,14,0,0
BRDA:242,14,1,0
BRDA:246,15,0,0
BRDA:246,15,1,0
BRDA:248,16,0,0
BRDA:248,16,1,0
BRDA:248,17,0,0
BRDA:248,17,1,0
BRDA:248,17,2,0
BRDA:248,17,3,0
BRDA:256,18,0,0
BRDA:256,18,1,0
BRDA:256,19,0,0
BRDA:256,19,1,0
BRDA:265,20,0,0
BRDA:265,20,1,0
BRDA:265,21,0,0
BRDA:265,21,1,0
BRDA:265,21,2,0
BRDA:265,21,3,0
BRF:48
BRH:11
end_of_record
TN:
SF:src/schema/index.js
FN:8,loadTypeDefs
FN:57,(anonymous_1)
FNF:2
FNH:0
FNDA:0,loadTypeDefs
FNDA:0,(anonymous_1)
DA:1,0
DA:2,0
DA:3,0
DA:9,0
DA:10,0
DA:13,0
DA:46,0
DA:49,0
DA:57,0
DA:58,0
DA:59,0
DA:60,0
DA:61,0
DA:63,0
DA:67,0
DA:70,0
LF:16
LH:0
BRDA:59,0,0,0
BRDA:59,0,1,0
BRF:2
BRH:0
end_of_record
TN:
SF:src/schema/resolvers/index.js
FNF:0
FNH:0
DA:1,1
DA:2,1
DA:5,1
DA:6,1
DA:7,1
DA:10,1
DA:11,1
DA:12,1
DA:13,1
DA:14,1
DA:17,1
DA:46,1
LF:12
LH:12
BRF:0
BRH:0
end_of_record
TN:
SF:src/schema/resolvers/Mutation/auth.js
FN:9,(anonymous_0)
FN:40,(anonymous_1)
FN:74,(anonymous_2)
FN:103,(anonymous_3)
FNF:4
FNH:3
FNDA:1,(anonymous_0)
FNDA:1,(anonymous_1)
FNDA:1,(anonymous_2)
FNDA:0,(anonymous_3)
DA:1,2
DA:2,2
DA:3,2
DA:5,2
DA:10,1
DA:11,1
DA:13,0
DA:15,0
DA:16,0
DA:19,0
DA:21,0
DA:23,0
DA:32,1
DA:33,1
DA:41,1
DA:43,1
DA:44,1
DA:46,0
DA:48,0
DA:51,0
DA:53,0
DA:55,0
DA:57,0
DA:66,1
DA:67,1
DA:75,1
DA:76,1
DA:78,1
DA:79,0
DA:82,1
DA:84,1
DA:86,0
DA:95,1
DA:96,1
DA:104,0
DA:105,0
DA:106,0
DA:109,0
DA:111,0
DA:113,0
DA:115,0
DA:120,0
DA:121,0
DA:126,2
LF:44
LH:21
BRDA:15,0,0,0
BRDA:15,0,1,0
BRDA:15,1,0,0
BRDA:15,1,1,0
BRDA:78,2,0,0
BRDA:78,2,1,1
BRDA:105,3,0,0
BRDA:105,3,1,0
BRF:8
BRH:1
end_of_record
TN:
SF:src/schema/resolvers/Mutation/devices.js
FN:13,(anonymous_0)
FN:52,(anonymous_1)
FN:85,(anonymous_2)
FN:118,(anonymous_3)
FN:151,(anonymous_4)
FN:184,(anonymous_5)
FN:217,(anonymous_6)
FNF:7
FNH:2
FNDA:3,(anonymous_0)
FNDA:0,(anonymous_1)
FNDA:1,(anonymous_2)
FNDA:0,(anonymous_3)
FNDA:0,(anonymous_4)
FNDA:0,(anonymous_5)
FNDA:0,(anonymous_6)
DA:1,2
DA:2,2
DA:3,2
DA:9,2
DA:14,3
DA:15,3
DA:18,3
DA:19,1
DA:23,2
DA:24,0
DA:28,2
DA:33,2
DA:35,2
DA:38,2
DA:42,2
DA:44,1
DA:45,1
DA:53,0
DA:54,0
DA:57,0
DA:58,0
DA:62,0
DA:63,0
DA:66,0
DA:68,0
DA:71,0
DA:75,0
DA:77,0
DA:78,0
DA:86,1
DA:87,1
DA:90,1
DA:91,0
DA:95,1
DA:96,1
DA:99,0
DA:101,0
DA:104,0
DA:108,0
DA:110,1
DA:111,1
DA:119,0
DA:120,0
DA:123,0
DA:124,0
DA:128,0
DA:129,0
DA:132,0
DA:134,0
DA:137,0
DA:141,0
DA:143,0
DA:144,0
DA:152,0
DA:153,0
DA:156,0
DA:157,0
DA:161,0
DA:162,0
DA:165,0
DA:167,0
DA:170,0
DA:174,0
DA:176,0
DA:177,0
DA:185,0
DA:186,0
DA:189,0
DA:190,0
DA:194,0
DA:195,0
DA:198,0
DA:200,0
DA:203,0
DA:207,0
DA:209,0
DA:210,0
DA:218,0
DA:219,0
DA:222,0
DA:223,0
DA:227,0
DA:228,0
DA:231,0
DA:234,0
DA:235,0
DA:236,0
DA:237,0
DA:240,0
DA:244,0
DA:249,0
DA:250,0
DA:252,0
DA:253,0
DA:258,2
LF:95
LH:24
BRDA:18,0,0,1
BRDA:18,0,1,2
BRDA:23,1,0,0
BRDA:23,1,1,2
BRDA:23,2,0,2
BRDA:23,2,1,2
BRDA:57,3,0,0
BRDA:57,3,1,0
BRDA:62,4,0,0
BRDA:62,4,1,0
BRDA:62,5,0,0
BRDA:62,5,1,0
BRDA:90,6,0,0
BRDA:90,6,1,1
BRDA:95,7,0,1
BRDA:95,7,1,0
BRDA:95,8,0,1
BRDA:95,8,1,1
BRDA:123,9,0,0
BRDA:123,9,1,0
BRDA:128,10,0,0
BRDA:128,10,1,0
BRDA:128,11,0,0
BRDA:128,11,1,0
BRDA:156,12,0,0
BRDA:156,12,1,0
BRDA:161,13,0,0
BRDA:161,13,1,0
BRDA:161,14,0,0
BRDA:161,14,1,0
BRDA:189,15,0,0
BRDA:189,15,1,0
BRDA:194,16,0,0
BRDA:194,16,1,0
BRDA:194,17,0,0
BRDA:194,17,1,0
BRDA:222,18,0,0
BRDA:222,18,1,0
BRDA:227,19,0,0
BRDA:227,19,1,0
BRDA:227,20,0,0
BRDA:227,20,1,0
BRF:42
BRH:9
end_of_record
TN:
SF:src/schema/resolvers/Mutation/index.js
FN:12,(anonymous_0)
FNF:1
FNH:0
FNDA:0,(anonymous_0)
DA:2,2
DA:3,2
DA:4,2
DA:5,2
DA:6,2
DA:7,2
DA:10,2
DA:12,0
DA:33,2
LF:9
LH:8
BRF:0
BRH:0
end_of_record
TN:
SF:src/schema/resolvers/Mutation/notifications.js
FN:14,(anonymous_0)
FN:86,(anonymous_1)
FN:113,(anonymous_2)
FN:158,(anonymous_3)
FN:256,(anonymous_4)
FN:314,(anonymous_5)
FN:361,(anonymous_6)
FNF:7
FNH:0
FNDA:0,(anonymous_0)
FNDA:0,(anonymous_1)
FNDA:0,(anonymous_2)
FNDA:0,(anonymous_3)
FNDA:0,(anonymous_4)
FNDA:0,(anonymous_5)
FNDA:0,(anonymous_6)
DA:1,2
DA:2,2
DA:3,2
DA:4,2
DA:10,2
DA:15,0
DA:16,0
DA:19,0
DA:20,0
DA:24,0
DA:26,0
DA:27,0
DA:31,0
DA:33,0
DA:34,0
DA:39,0
DA:45,0
DA:47,0
DA:50,0
DA:65,0
DA:78,0
DA:79,0
DA:87,0
DA:88,0
DA:91,0
DA:92,0
DA:96,0
DA:101,0
DA:103,0
DA:105,0
DA:106,0
DA:114,0
DA:115,0
DA:118,0
DA:119,0
DA:123,0
DA:125,0
DA:126,0
DA:130,0
DA:132,0
DA:133,0
DA:137,0
DA:142,0
DA:143,0
DA:146,0
DA:148,0
DA:150,0
DA:151,0
DA:159,0
DA:160,0
DA:163,0
DA:164,0
DA:168,0
DA:169,0
DA:183,0
DA:186,0
DA:199,0
DA:200,0
DA:201,0
DA:205,0
DA:208,0
DA:209,0
DA:210,0
DA:226,0
DA:229,0
DA:231,0
DA:248,0
DA:249,0
DA:257,0
DA:258,0
DA:261,0
DA:262,0
DA:266,0
DA:267,0
DA:279,0
DA:281,0
DA:289,0
DA:291,0
DA:293,0
DA:306,0
DA:307,0
DA:315,0
DA:316,0
DA:319,0
DA:320,0
DA:324,0
DA:325,0
DA:328,0
DA:330,0
DA:331,0
DA:332,0
DA:333,0
DA:334,0
DA:336,0
DA:338,0
DA:340,0
DA:353,0
DA:354,0
DA:362,0
DA:363,0
DA:366,0
DA:367,0
DA:371,0
DA:372,0
DA:375,0
DA:377,0
DA:378,0
DA:381,0
DA:383,0
DA:385,0
DA:386,0
DA:391,2
LF:112
LH:6
BRDA:19,0,0,0
BRDA:19,0,1,0
BRDA:26,1,0,0
BRDA:26,1,1,0
BRDA:31,2,0,0
BRDA:31,2,1,0
BRDA:31,3,0,0
BRDA:31,3,1,0
BRDA:33,4,0,0
BRDA:33,4,1,0
BRDA:33,5,0,0
BRDA:33,5,1,0
BRDA:53,6,0,0
BRDA:53,6,1,0
BRDA:54,7,0,0
BRDA:54,7,1,0
BRDA:55,8,0,0
BRDA:55,8,1,0
BRDA:58,9,0,0
BRDA:58,9,1,0
BRDA:59,10,0,0
BRDA:59,10,1,0
BRDA:60,11,0,0
BRDA:60,11,1,0
BRDA:67,12,0,0
BRDA:67,12,1,0
BRDA:68,13,0,0
BRDA:68,13,1,0
BRDA:69,14,0,0
BRDA:69,14,1,0
BRDA:72,15,0,0
BRDA:72,15,1,0
BRDA:73,16,0,0
BRDA:73,16,1,0
BRDA:74,17,0,0
BRDA:74,17,1,0
BRDA:91,18,0,0
BRDA:91,18,1,0
BRDA:118,19,0,0
BRDA:118,19,1,0
BRDA:125,20,0,0
BRDA:125,20,1,0
BRDA:130,21,0,0
BRDA:130,21,1,0
BRDA:130,22,0,0
BRDA:130,22,1,0
BRDA:132,23,0,0
BRDA:132,23,1,0
BRDA:132,24,0,0
BRDA:132,24,1,0
BRDA:142,25,0,0
BRDA:142,25,1,0
BRDA:163,26,0,0
BRDA:163,26,1,0
BRDA:168,27,0,0
BRDA:168,27,1,0
BRDA:168,28,0,0
BRDA:168,28,1,0
BRDA:176,29,0,0
BRDA:199,30,0,0
BRDA:199,30,1,0
BRDA:209,31,0,0
BRDA:209,31,1,0
BRDA:232,32,0,0
BRDA:232,32,1,0
BRDA:233,33,0,0
BRDA:233,33,1,0
BRDA:240,34,0,0
BRDA:240,34,1,0
BRDA:242,35,0,0
BRDA:242,35,1,0
BRDA:243,36,0,0
BRDA:243,36,1,0
BRDA:261,37,0,0
BRDA:261,37,1,0
BRDA:266,38,0,0
BRDA:266,38,1,0
BRDA:266,39,0,0
BRDA:266,39,1,0
BRDA:285,40,0,0
BRDA:285,40,1,0
BRDA:298,41,0,0
BRDA:298,41,1,0
BRDA:299,42,0,0
BRDA:299,42,1,0
BRDA:301,43,0,0
BRDA:301,43,1,0
BRDA:302,44,0,0
BRDA:302,44,1,0
BRDA:319,45,0,0
BRDA:319,45,1,0
BRDA:324,46,0,0
BRDA:324,46,1,0
BRDA:324,47,0,0
BRDA:324,47,1,0
BRDA:330,48,0,0
BRDA:330,48,1,0
BRDA:331,49,0,0
BRDA:331,49,1,0
BRDA:332,50,0,0
BRDA:332,50,1,0
BRDA:333,51,0,0
BRDA:333,51,1,0
BRDA:334,52,0,0
BRDA:334,52,1,0
BRDA:342,53,0,0
BRDA:342,53,1,0
BRDA:345,54,0,0
BRDA:345,54,1,0
BRDA:346,55,0,0
BRDA:346,55,1,0
BRDA:348,56,0,0
BRDA:348,56,1,0
BRDA:349,57,0,0
BRDA:349,57,1,0
BRDA:366,58,0,0
BRDA:366,58,1,0
BRDA:371,59,0,0
BRDA:371,59,1,0
BRDA:371,60,0,0
BRDA:371,60,1,0
BRDA:377,61,0,0
BRDA:377,61,1,0
BRF:123
BRH:0
end_of_record
TN:
SF:src/schema/resolvers/Mutation/rules.js
FN:14,(anonymous_0)
FN:74,(anonymous_1)
FN:159,(anonymous_2)
FN:199,(anonymous_3)
FN:241,(anonymous_4)
FN:283,(anonymous_5)
FN:391,(anonymous_6)
FN:421,(anonymous_7)
FN:451,(anonymous_8)
FN:481,(anonymous_9)
FNF:10
FNH:0
FNDA:0,(anonymous_0)
FNDA:0,(anonymous_1)
FNDA:0,(anonymous_2)
FNDA:0,(anonymous_3)
FNDA:0,(anonymous_4)
FNDA:0,(anonymous_5)
FNDA:0,(anonymous_6)
FNDA:0,(anonymous_7)
FNDA:0,(anonymous_8)
FNDA:0,(anonymous_9)
DA:1,2
DA:2,2
DA:3,2
DA:4,2
DA:10,2
DA:15,0
DA:16,0
DA:19,0
DA:20,0
DA:24,0
DA:25,0
DA:36,0
DA:39,0
DA:55,0
DA:57,0
DA:60,0
DA:64,0
DA:66,0
DA:67,0
DA:75,0
DA:76,0
DA:79,0
DA:80,0
DA:84,0
DA:85,0
DA:89,0
DA:90,0
DA:91,0
DA:93,0
DA:94,0
DA:95,0
DA:98,0
DA:99,0
DA:100,0
DA:103,0
DA:104,0
DA:105,0
DA:108,0
DA:109,0
DA:110,0
DA:113,0
DA:114,0
DA:115,0
DA:118,0
DA:119,0
DA:120,0
DA:123,0
DA:124,0
DA:125,0
DA:128,0
DA:129,0
DA:131,0
DA:136,0
DA:137,0
DA:140,0
DA:142,0
DA:145,0
DA:149,0
DA:151,0
DA:152,0
DA:160,0
DA:161,0
DA:164,0
DA:165,0
DA:169,0
DA:170,0
DA:173,0
DA:178,0
DA:179,0
DA:182,0
DA:185,0
DA:189,0
DA:191,0
DA:192,0
DA:200,0
DA:201,0
DA:204,0
DA:205,0
DA:209,0
DA:210,0
DA:213,0
DA:218,0
DA:219,0
DA:222,0
DA:224,0
DA:227,0
DA:231,0
DA:233,0
DA:234,0
DA:242,0
DA:243,0
DA:246,0
DA:247,0
DA:251,0
DA:252,0
DA:255,0
DA:260,0
DA:261,0
DA:264,0
DA:266,0
DA:269,0
DA:273,0
DA:275,0
DA:276,0
DA:284,0
DA:285,0
DA:288,0
DA:289,0
DA:293,0
DA:294,0
DA:298,0
DA:300,0
DA:301,0
DA:304,0
DA:305,0
DA:307,0
DA:309,0
DA:310,0
DA:313,0
DA:326,0
DA:328,0
DA:345,0
DA:348,0
DA:362,0
DA:364,0
DA:383,0
DA:384,0
DA:392,0
DA:393,0
DA:396,0
DA:397,0
DA:401,0
DA:402,0
DA:405,0
DA:410,0
DA:411,0
DA:413,0
DA:414,0
DA:422,0
DA:423,0
DA:426,0
DA:427,0
DA:431,0
DA:432,0
DA:435,0
DA:440,0
DA:441,0
DA:443,0
DA:444,0
DA:452,0
DA:453,0
DA:456,0
DA:457,0
DA:461,0
DA:462,0
DA:465,0
DA:470,0
DA:471,0
DA:473,0
DA:474,0
DA:482,0
DA:483,0
DA:488,0
DA:489,0
DA:493,0
DA:494,0
DA:498,0
DA:539,0
DA:540,0
DA:541,0
DA:545,0
DA:561,0
DA:563,0
DA:565,0
DA:567,0
DA:568,0
DA:573,2
LF:177
LH:6
BRDA:19,0,0,0
BRDA:19,0,1,0
BRDA:24,1,0,0
BRDA:24,1,1,0
BRDA:24,2,0,0
BRDA:24,2,1,0
BRDA:31,3,0,0
BRDA:32,4,0,0
BRDA:33,5,0,0
BRDA:79,6,0,0
BRDA:79,6,1,0
BRDA:84,7,0,0
BRDA:84,7,1,0
BRDA:84,8,0,0
BRDA:84,8,1,0
BRDA:93,9,0,0
BRDA:93,9,1,0
BRDA:98,10,0,0
BRDA:98,10,1,0
BRDA:103,11,0,0
BRDA:103,11,1,0
BRDA:108,12,0,0
BRDA:108,12,1,0
BRDA:113,13,0,0
BRDA:113,13,1,0
BRDA:118,14,0,0
BRDA:118,14,1,0
BRDA:123,15,0,0
BRDA:123,15,1,0
BRDA:136,16,0,0
BRDA:136,16,1,0
BRDA:164,17,0,0
BRDA:164,17,1,0
BRDA:169,18,0,0
BRDA:169,18,1,0
BRDA:169,19,0,0
BRDA:169,19,1,0
BRDA:178,20,0,0
BRDA:178,20,1,0
BRDA:204,21,0,0
BRDA:204,21,1,0
BRDA:209,22,0,0
BRDA:209,22,1,0
BRDA:209,23,0,0
BRDA:209,23,1,0
BRDA:218,24,0,0
BRDA:218,24,1,0
BRDA:246,25,0,0
BRDA:246,25,1,0
BRDA:251,26,0,0
BRDA:251,26,1,0
BRDA:251,27,0,0
BRDA:251,27,1,0
BRDA:260,28,0,0
BRDA:260,28,1,0
BRDA:288,29,0,0
BRDA:288,29,1,0
BRDA:293,30,0,0
BRDA:293,30,1,0
BRDA:293,31,0,0
BRDA:293,31,1,0
BRDA:300,32,0,0
BRDA:300,32,1,0
BRDA:334,33,0,0
BRDA:334,33,1,0
BRDA:370,34,0,0
BRDA:370,34,1,0
BRDA:396,35,0,0
BRDA:396,35,1,0
BRDA:401,36,0,0
BRDA:401,36,1,0
BRDA:401,37,0,0
BRDA:401,37,1,0
BRDA:426,38,0,0
BRDA:426,38,1,0
BRDA:431,39,0,0
BRDA:431,39,1,0
BRDA:431,40,0,0
BRDA:431,40,1,0
BRDA:456,41,0,0
BRDA:456,41,1,0
BRDA:461,42,0,0
BRDA:461,42,1,0
BRDA:461,43,0,0
BRDA:461,43,1,0
BRDA:488,44,0,0
BRDA:488,44,1,0
BRDA:493,45,0,0
BRDA:493,45,1,0
BRDA:493,46,0,0
BRDA:493,46,1,0
BRDA:509,47,0,0
BRDA:509,47,1,0
BRDA:515,48,0,0
BRDA:515,48,1,0
BRDA:528,49,0,0
BRDA:528,49,1,0
BRDA:533,50,0,0
BRDA:533,50,1,0
BRDA:540,51,0,0
BRDA:540,51,1,0
BRF:101
BRH:0
end_of_record
TN:
SF:src/schema/resolvers/Mutation/users.js
FN:16,(anonymous_0)
FN:138,(anonymous_1)
FN:191,(anonymous_2)
FN:231,(anonymous_3)
FN:313,(anonymous_4)
FN:359,(anonymous_5)
FN:424,(anonymous_6)
FN:494,(anonymous_7)
FNF:8
FNH:0
FNDA:0,(anonymous_0)
FNDA:0,(anonymous_1)
FNDA:0,(anonymous_2)
FNDA:0,(anonymous_3)
FNDA:0,(anonymous_4)
FNDA:0,(anonymous_5)
FNDA:0,(anonymous_6)
FNDA:0,(anonymous_7)
DA:1,2
DA:2,2
DA:3,2
DA:4,2
DA:5,2
DA:6,2
DA:12,2
DA:17,0
DA:18,0
DA:21,0
DA:22,0
DA:32,0
DA:34,0
DA:35,0
DA:36,0
DA:38,0
DA:39,0
DA:40,0
DA:41,0
DA:44,0
DA:45,0
DA:46,0
DA:47,0
DA:50,0
DA:52,0
DA:57,0
DA:58,0
DA:61,0
DA:62,0
DA:63,0
DA:66,0
DA:67,0
DA:68,0
DA:69,0
DA:72,0
DA:73,0
DA:74,0
DA:75,0
DA:78,0
DA:79,0
DA:80,0
DA:81,0
DA:84,0
DA:85,0
DA:88,0
DA:89,0
DA:91,0
DA:100,0
DA:101,0
DA:104,0
DA:106,0
DA:108,0
DA:130,0
DA:131,0
DA:139,0
DA:140,0
DA:143,0
DA:144,0
DA:148,0
DA:149,0
DA:150,0
DA:153,0
DA:158,0
DA:159,0
DA:162,0
DA:165,0
DA:166,0
DA:167,0
DA:171,0
DA:174,0
DA:179,0
DA:181,0
DA:183,0
DA:184,0
DA:192,0
DA:193,0
DA:199,0
DA:200,0
DA:203,0
DA:210,0
DA:212,0
DA:214,0
DA:223,0
DA:224,0
DA:232,0
DA:233,0
DA:239,0
DA:240,0
DA:244,0
DA:249,0
DA:250,0
DA:253,0
DA:254,0
DA:257,0
DA:258,0
DA:259,0
DA:261,0
DA:262,0
DA:263,0
DA:264,0
DA:267,0
DA:268,0
DA:269,0
DA:270,0
DA:273,0
DA:274,0
DA:277,0
DA:278,0
DA:280,0
DA:288,0
DA:289,0
DA:292,0
DA:294,0
DA:296,0
DA:305,0
DA:306,0
DA:314,0
DA:315,0
DA:320,0
DA:321,0
DA:325,0
DA:330,0
DA:331,0
DA:334,0
DA:335,0
DA:338,0
DA:343,0
DA:344,0
DA:347,0
DA:349,0
DA:351,0
DA:352,0
DA:360,0
DA:361,0
DA:366,0
DA:367,0
DA:371,0
DA:376,0
DA:377,0
DA:380,0
DA:381,0
DA:385,0
DA:391,0
DA:399,0
DA:400,0
DA:403,0
DA:405,0
DA:407,0
DA:416,0
DA:417,0
DA:425,0
DA:426,0
DA:433,0
DA:434,0
DA:438,0
DA:439,0
DA:443,0
DA:444,0
DA:447,0
DA:456,0
DA:457,0
DA:460,0
DA:462,0
DA:464,0
DA:486,0
DA:487,0
DA:495,0
DA:496,0
DA:501,0
DA:502,0
DA:506,0
DA:507,0
DA:511,0
DA:512,0
DA:516,0
DA:522,0
DA:528,0
DA:533,0
DA:534,0
DA:537,0
DA:539,0
DA:541,0
DA:542,0
DA:547,2
LF:184
LH:8
BRDA:21,0,0,0
BRDA:21,0,1,0
BRDA:38,1,0,0
BRDA:38,1,1,0
BRDA:44,2,0,0
BRDA:44,2,1,0
BRDA:50,3,0,0
BRDA:50,3,1,0
BRDA:57,4,0,0
BRDA:57,4,1,0
BRDA:66,5,0,0
BRDA:66,5,1,0
BRDA:72,6,0,0
BRDA:72,6,1,0
BRDA:78,7,0,0
BRDA:78,7,1,0
BRDA:84,8,0,0
BRDA:84,8,1,0
BRDA:100,9,0,0
BRDA:100,9,1,0
BRDA:116,10,0,0
BRDA:116,10,1,0
BRDA:143,11,0,0
BRDA:143,11,1,0
BRDA:158,12,0,0
BRDA:158,12,1,0
BRDA:166,13,0,0
BRDA:166,13,1,0
BRDA:199,14,0,0
BRDA:199,14,1,0
BRDA:207,15,0,0
BRDA:207,15,1,0
BRDA:239,16,0,0
BRDA:239,16,1,0
BRDA:249,17,0,0
BRDA:249,17,1,0
BRDA:253,18,0,0
BRDA:253,18,1,0
BRDA:261,19,0,0
BRDA:261,19,1,0
BRDA:267,20,0,0
BRDA:267,20,1,0
BRDA:273,21,0,0
BRDA:273,21,1,0
BRDA:288,22,0,0
BRDA:288,22,1,0
BRDA:320,23,0,0
BRDA:320,23,1,0
BRDA:330,24,0,0
BRDA:330,24,1,0
BRDA:334,25,0,0
BRDA:334,25,1,0
BRDA:343,26,0,0
BRDA:343,26,1,0
BRDA:366,27,0,0
BRDA:366,27,1,0
BRDA:376,28,0,0
BRDA:376,28,1,0
BRDA:380,29,0,0
BRDA:380,29,1,0
BRDA:399,30,0,0
BRDA:399,30,1,0
BRDA:433,31,0,0
BRDA:433,31,1,0
BRDA:438,32,0,0
BRDA:438,32,1,0
BRDA:438,33,0,0
BRDA:438,33,1,0
BRDA:443,34,0,0
BRDA:443,34,1,0
BRDA:456,35,0,0
BRDA:456,35,1,0
BRDA:472,36,0,0
BRDA:472,36,1,0
BRDA:501,37,0,0
BRDA:501,37,1,0
BRDA:506,38,0,0
BRDA:506,38,1,0
BRDA:506,39,0,0
BRDA:506,39,1,0
BRDA:511,40,0,0
BRDA:511,40,1,0
BRDA:533,41,0,0
BRDA:533,41,1,0
BRF:84
BRH:0
end_of_record
TN:
SF:src/schema/resolvers/Mutation/weather.js
FN:7,(anonymous_0)
FN:32,(anonymous_1)
FN:57,(anonymous_2)
FNF:3
FNH:0
FNDA:0,(anonymous_0)
FNDA:0,(anonymous_1)
FNDA:0,(anonymous_2)
DA:1,2
DA:3,2
DA:8,0
DA:9,0
DA:12,0
DA:13,0
DA:16,0
DA:17,0
DA:19,0
DA:20,0
DA:33,0
DA:34,0
DA:37,0
DA:38,0
DA:41,0
DA:42,0
DA:44,0
DA:45,0
DA:58,0
DA:59,0
DA:62,0
DA:63,0
DA:66,0
DA:67,0
DA:69,0
DA:70,0
DA:81,2
LF:27
LH:3
BRDA:12,0,0,0
BRDA:12,0,1,0
BRDA:12,1,0,0
BRDA:12,1,1,0
BRDA:37,2,0,0
BRDA:37,2,1,0
BRDA:37,3,0,0
BRDA:37,3,1,0
BRDA:62,4,0,0
BRDA:62,4,1,0
BRDA:62,5,0,0
BRDA:62,5,1,0
BRF:12
BRH:0
end_of_record
TN:
SF:src/schema/resolvers/Query/devices.js
FN:12,(anonymous_0)
FN:38,(anonymous_1)
FN:67,(anonymous_2)
FNF:3
FNH:0
FNDA:0,(anonymous_0)
FNDA:0,(anonymous_1)
FNDA:0,(anonymous_2)
DA:1,2
DA:2,2
DA:8,2
DA:13,0
DA:14,0
DA:17,0
DA:18,0
DA:21,0
DA:22,0
DA:23,0
DA:25,0
DA:27,0
DA:28,0
DA:30,0
DA:31,0
DA:39,0
DA:40,0
DA:43,0
DA:44,0
DA:47,0
DA:49,0
DA:50,0
DA:53,0
DA:54,0
DA:56,0
DA:57,0
DA:58,0
DA:60,0
DA:68,0
DA:69,0
DA:74,0
DA:75,0
DA:79,0
DA:80,0
DA:83,0
DA:85,0
DA:86,0
DA:88,0
DA:89,0
DA:94,2
LF:40
LH:4
BRDA:17,0,0,0
BRDA:17,0,1,0
BRDA:22,1,0,0
BRDA:22,1,1,0
BRDA:23,2,0,0
BRDA:23,2,1,0
BRDA:43,3,0,0
BRDA:43,3,1,0
BRDA:49,4,0,0
BRDA:49,4,1,0
BRDA:57,5,0,0
BRDA:57,5,1,0
BRDA:74,6,0,0
BRDA:74,6,1,0
BRDA:79,7,0,0
BRDA:79,7,1,0
BRDA:79,8,0,0
BRDA:79,8,1,0
BRF:18
BRH:0
end_of_record
TN:
SF:src/schema/resolvers/Query/health.js
FN:6,(anonymous_0)
FNF:1
FNH:1
FNDA:1,(anonymous_0)
DA:1,2
DA:2,2
DA:3,2
DA:5,2
DA:7,1
DA:9,1
DA:16,0
DA:20,0
DA:24,0
DA:26,0
DA:36,1
DA:37,1
LF:12
LH:8
BRDA:16,0,0,0
BRDA:16,0,1,0
BRDA:20,1,0,0
BRDA:20,1,1,0
BRF:4
BRH:0
end_of_record
TN:
SF:src/schema/resolvers/Query/index.js
FNF:0
FNH:0
DA:2,2
DA:3,2
DA:4,2
DA:5,2
DA:6,2
DA:7,2
DA:8,2
DA:11,2
DA:34,2
LF:9
LH:9
BRF:0
BRH:0
end_of_record
TN:
SF:src/schema/resolvers/Query/notifications.js
FN:12,(anonymous_0)
FN:41,(anonymous_1)
FN:92,(anonymous_2)
FN:143,(anonymous_3)
FN:161,(anonymous_4)
FN:182,(anonymous_5)
FNF:6
FNH:2
FNDA:2,(anonymous_0)
FNDA:0,(anonymous_1)
FNDA:1,(anonymous_2)
FNDA:0,(anonymous_3)
FNDA:0,(anonymous_4)
FNDA:0,(anonymous_5)
DA:1,2
DA:2,2
DA:8,2
DA:13,2
DA:14,2
DA:19,2
DA:20,0
DA:24,2
DA:30,2
DA:31,0
DA:34,2
DA:35,0
DA:38,2
DA:41,2
DA:60,0
DA:61,0
DA:64,0
DA:70,0
DA:72,0
DA:84,2
DA:85,2
DA:93,1
DA:94,1
DA:97,1
DA:98,0
DA:101,1
DA:103,1
DA:104,0
DA:108,1
DA:110,0
DA:111,0
DA:115,1
DA:117,1
DA:132,0
DA:133,0
DA:134,0
DA:136,0
DA:144,0
DA:145,0
DA:148,0
DA:149,0
DA:153,0
DA:154,0
DA:157,0
DA:159,0
DA:161,0
DA:174,0
DA:175,0
DA:183,0
DA:184,0
DA:187,0
DA:188,0
DA:192,0
DA:193,0
DA:196,0
DA:198,0
DA:199,0
DA:202,0
DA:204,0
DA:217,0
DA:218,0
DA:219,0
DA:221,0
DA:226,2
LF:64
LH:22
BRDA:19,0,0,0
BRDA:19,0,1,2
BRDA:30,1,0,0
BRDA:30,1,1,2
BRDA:34,2,0,0
BRDA:34,2,1,2
BRDA:46,3,0,0
BRDA:46,3,1,0
BRDA:47,4,0,0
BRDA:47,4,1,0
BRDA:48,5,0,0
BRDA:48,5,1,0
BRDA:52,6,0,0
BRDA:52,6,1,0
BRDA:54,7,0,0
BRDA:54,7,1,0
BRDA:77,8,0,0
BRDA:77,8,1,0
BRDA:78,9,0,0
BRDA:78,9,1,0
BRDA:97,10,0,0
BRDA:97,10,1,1
BRDA:103,11,0,0
BRDA:103,11,1,1
BRDA:108,12,0,0
BRDA:108,12,1,1
BRDA:108,13,0,1
BRDA:108,13,1,0
BRDA:110,14,0,0
BRDA:110,14,1,0
BRDA:110,15,0,0
BRDA:110,15,1,0
BRDA:119,16,0,1
BRDA:119,16,1,0
BRDA:120,17,0,1
BRDA:120,17,1,0
BRDA:121,18,0,1
BRDA:121,18,1,1
BRDA:124,19,0,1
BRDA:124,19,1,1
BRDA:125,20,0,1
BRDA:125,20,1,1
BRDA:127,21,0,1
BRDA:127,21,1,1
BRDA:133,22,0,0
BRDA:133,22,1,0
BRDA:148,23,0,0
BRDA:148,23,1,0
BRDA:153,24,0,0
BRDA:153,24,1,0
BRDA:153,25,0,0
BRDA:153,25,1,0
BRDA:163,26,0,0
BRDA:163,26,1,0
BRDA:166,27,0,0
BRDA:166,27,1,0
BRDA:167,28,0,0
BRDA:167,28,1,0
BRDA:169,29,0,0
BRDA:169,29,1,0
BRDA:187,30,0,0
BRDA:187,30,1,0
BRDA:192,31,0,0
BRDA:192,31,1,0
BRDA:192,32,0,0
BRDA:192,32,1,0
BRDA:198,33,0,0
BRDA:198,33,1,0
BRDA:206,34,0,0
BRDA:206,34,1,0
BRDA:209,35,0,0
BRDA:209,35,1,0
BRDA:210,36,0,0
BRDA:210,36,1,0
BRDA:212,37,0,0
BRDA:212,37,1,0
BRDA:218,38,0,0
BRDA:218,38,1,0
BRF:78
BRH:17
end_of_record
TN:
SF:src/schema/resolvers/Query/rules.js
FN:13,(anonymous_0)
FN:85,(anonymous_1)
FN:118,(anonymous_2)
FN:164,(anonymous_3)
FN:197,(anonymous_4)
FN:276,(anonymous_5)
FN:312,(anonymous_6)
FN:331,(anonymous_7)
FNF:8
FNH:0
FNDA:0,(anonymous_0)
FNDA:0,(anonymous_1)
FNDA:0,(anonymous_2)
FNDA:0,(anonymous_3)
FNDA:0,(anonymous_4)
FNDA:0,(anonymous_5)
FNDA:0,(anonymous_6)
FNDA:0,(anonymous_7)
DA:1,2
DA:2,2
DA:3,2
DA:9,2
DA:14,0
DA:15,0
DA:18,0
DA:19,0
DA:22,0
DA:23,0
DA:24,0
DA:27,0
DA:28,0
DA:29,0
DA:32,0
DA:33,0
DA:34,0
DA:37,0
DA:38,0
DA:39,0
DA:43,0
DA:45,0
DA:46,0
DA:48,0
DA:49,0
DA:51,0
DA:52,0
DA:54,0
DA:55,0
DA:57,0
DA:58,0
DA:60,0
DA:61,0
DA:63,0
DA:64,0
DA:66,0
DA:67,0
DA:69,0
DA:72,0
DA:74,0
DA:75,0
DA:77,0
DA:78,0
DA:86,0
DA:87,0
DA:90,0
DA:91,0
DA:94,0
DA:99,0
DA:100,0
DA:103,0
DA:104,0
DA:105,0
DA:107,0
DA:108,0
DA:109,0
DA:111,0
DA:119,0
DA:120,0
DA:125,0
DA:126,0
DA:130,0
DA:131,0
DA:134,0
DA:135,0
DA:136,0
DA:138,0
DA:139,0
DA:140,0
DA:143,0
DA:144,0
DA:145,0
DA:148,0
DA:149,0
DA:151,0
DA:153,0
DA:154,0
DA:156,0
DA:157,0
DA:165,0
DA:166,0
DA:171,0
DA:172,0
DA:176,0
DA:177,0
DA:180,0
DA:182,0
DA:183,0
DA:186,0
DA:187,0
DA:189,0
DA:190,0
DA:198,0
DA:199,0
DA:202,0
DA:203,0
DA:207,0
DA:208,0
DA:210,0
DA:211,0
DA:215,0
DA:216,0
DA:218,0
DA:219,0
DA:220,0
DA:223,0
DA:225,0
DA:226,0
DA:228,0
DA:229,0
DA:231,0
DA:232,0
DA:234,0
DA:235,0
DA:237,0
DA:240,0
DA:241,0
DA:243,0
DA:246,0
DA:247,0
DA:249,0
DA:252,0
DA:253,0
DA:255,0
DA:256,0
DA:258,0
DA:262,0
DA:268,0
DA:269,0
DA:277,0
DA:278,0
DA:281,0
DA:282,0
DA:286,0
DA:287,0
DA:291,0
DA:293,0
DA:294,0
DA:297,0
DA:298,0
DA:301,0
DA:302,0
DA:304,0
DA:306,0
DA:312,0
DA:323,0
DA:324,0
DA:332,0
DA:333,0
DA:336,0
DA:337,0
DA:341,0
DA:406,0
DA:407,0
DA:409,0
DA:410,0
DA:415,2
LF:157
LH:5
BRDA:18,0,0,0
BRDA:18,0,1,0
BRDA:27,1,0,0
BRDA:27,1,1,0
BRDA:32,2,0,0
BRDA:32,2,1,0
BRDA:37,3,0,0
BRDA:37,3,1,0
BRDA:43,4,0,0
BRDA:43,4,1,0
BRDA:43,4,2,0
BRDA:43,4,3,0
BRDA:43,4,4,0
BRDA:43,4,5,0
BRDA:43,4,6,0
BRDA:43,4,7,0
BRDA:43,4,8,0
BRDA:90,5,0,0
BRDA:90,5,1,0
BRDA:99,6,0,0
BRDA:99,6,1,0
BRDA:108,7,0,0
BRDA:108,7,1,0
BRDA:125,8,0,0
BRDA:125,8,1,0
BRDA:130,9,0,0
BRDA:130,9,1,0
BRDA:130,10,0,0
BRDA:130,10,1,0
BRDA:138,11,0,0
BRDA:138,11,1,0
BRDA:143,12,0,0
BRDA:143,12,1,0
BRDA:171,13,0,0
BRDA:171,13,1,0
BRDA:176,14,0,0
BRDA:176,14,1,0
BRDA:176,15,0,0
BRDA:176,15,1,0
BRDA:182,16,0,0
BRDA:182,16,1,0
BRDA:202,17,0,0
BRDA:202,17,1,0
BRDA:210,18,0,0
BRDA:210,18,1,0
BRDA:210,19,0,0
BRDA:210,19,1,0
BRDA:210,19,2,0
BRDA:218,20,0,0
BRDA:218,20,1,0
BRDA:223,21,0,0
BRDA:223,21,1,0
BRDA:223,21,2,0
BRDA:223,21,3,0
BRDA:225,22,0,0
BRDA:225,22,1,0
BRDA:228,23,0,0
BRDA:228,23,1,0
BRDA:231,24,0,0
BRDA:231,24,1,0
BRDA:234,25,0,0
BRDA:234,25,1,0
BRDA:240,26,0,0
BRDA:240,26,1,0
BRDA:246,27,0,0
BRDA:246,27,1,0
BRDA:246,28,0,0
BRDA:246,28,1,0
BRDA:252,29,0,0
BRDA:252,29,1,0
BRDA:255,30,0,0
BRDA:255,30,1,0
BRDA:281,31,0,0
BRDA:281,31,1,0
BRDA:286,32,0,0
BRDA:286,32,1,0
BRDA:286,33,0,0
BRDA:286,33,1,0
BRDA:293,34,0,0
BRDA:293,34,1,0
BRDA:315,35,0,0
BRDA:315,35,1,0
BRDA:336,36,0,0
BRDA:336,36,1,0
BRF:84
BRH:0
end_of_record
TN:
SF:src/schema/resolvers/Query/sensors.js
FN:12,(anonymous_0)
FN:42,(anonymous_1)
FN:71,(anonymous_2)
FN:99,(anonymous_3)
FN:124,(anonymous_4)
FNF:5
FNH:1
FNDA:0,(anonymous_0)
FNDA:2,(anonymous_1)
FNDA:0,(anonymous_2)
FNDA:0,(anonymous_3)
FNDA:0,(anonymous_4)
DA:1,2
DA:2,2
DA:8,2
DA:13,0
DA:14,0
DA:17,0
DA:18,0
DA:21,0
DA:22,0
DA:23,0
DA:25,0
DA:26,0
DA:29,0
DA:31,0
DA:32,0
DA:34,0
DA:35,0
DA:43,2
DA:44,2
DA:47,2
DA:48,0
DA:51,2
DA:53,2
DA:54,2
DA:57,0
DA:58,0
DA:60,0
DA:61,0
DA:62,0
DA:64,0
DA:72,0
DA:73,0
DA:78,0
DA:79,0
DA:82,0
DA:83,0
DA:84,0
DA:86,0
DA:88,0
DA:89,0
DA:91,0
DA:92,0
DA:100,0
DA:101,0
DA:104,0
DA:105,0
DA:109,0
DA:111,0
DA:113,0
DA:114,0
DA:116,0
DA:117,0
DA:125,0
DA:126,0
DA:131,0
DA:132,0
DA:136,0
DA:137,0
DA:140,0
DA:142,0
DA:143,0
DA:146,0
DA:147,0
DA:149,0
DA:150,0
DA:155,2
LF:66
LH:10
BRDA:17,0,0,0
BRDA:17,0,1,0
BRDA:22,1,0,0
BRDA:22,1,1,0
BRDA:22,2,0,0
BRDA:22,2,1,0
BRDA:25,3,0,0
BRDA:25,3,1,0
BRDA:47,4,0,0
BRDA:47,4,1,2
BRDA:53,5,0,2
BRDA:53,5,1,0
BRDA:61,6,0,0
BRDA:61,6,1,0
BRDA:78,7,0,0
BRDA:78,7,1,0
BRDA:83,8,0,0
BRDA:83,8,1,0
BRDA:84,9,0,0
BRDA:84,9,1,0
BRDA:104,10,0,0
BRDA:104,10,1,0
BRDA:109,11,0,0
BRDA:109,11,1,0
BRDA:109,12,0,0
BRDA:109,12,1,0
BRDA:131,13,0,0
BRDA:131,13,1,0
BRDA:136,14,0,0
BRDA:136,14,1,0
BRDA:136,15,0,0
BRDA:136,15,1,0
BRDA:142,16,0,0
BRDA:142,16,1,0
BRF:34
BRH:2
end_of_record
TN:
SF:src/schema/resolvers/Query/users.js
FN:9,(anonymous_0)
FN:29,(anonymous_1)
FN:75,(anonymous_2)
FN:108,(anonymous_3)
FNF:4
FNH:1
FNDA:2,(anonymous_0)
FNDA:0,(anonymous_1)
FNDA:0,(anonymous_2)
FNDA:0,(anonymous_3)
DA:1,2
DA:2,2
DA:3,2
DA:5,2
DA:10,2
DA:11,2
DA:12,1
DA:15,1
DA:18,1
DA:19,1
DA:21,0
DA:22,0
DA:30,0
DA:31,0
DA:32,0
DA:35,0
DA:36,0
DA:39,0
DA:41,0
DA:42,0
DA:43,0
DA:45,0
DA:46,0
DA:47,0
DA:48,0
DA:51,0
DA:52,0
DA:53,0
DA:54,0
DA:57,0
DA:64,0
DA:65,0
DA:67,0
DA:68,0
DA:76,0
DA:77,0
DA:78,0
DA:82,0
DA:84,0
DA:87,0
DA:89,0
DA:94,0
DA:95,0
DA:98,0
DA:100,0
DA:101,0
DA:109,0
DA:110,0
DA:111,0
DA:114,0
DA:116,0
DA:117,0
DA:119,0
DA:120,0
DA:121,0
DA:124,0
DA:131,0
DA:133,0
DA:134,0
DA:139,2
LF:60
LH:11
BRDA:11,0,0,1
BRDA:11,0,1,1
BRDA:31,1,0,0
BRDA:31,1,1,0
BRDA:35,2,0,0
BRDA:35,2,1,0
BRDA:45,3,0,0
BRDA:45,3,1,0
BRDA:51,4,0,0
BRDA:51,4,1,0
BRDA:77,5,0,0
BRDA:77,5,1,0
BRDA:82,6,0,0
BRDA:82,6,1,0
BRDA:82,7,0,0
BRDA:82,7,1,0
BRDA:94,8,0,0
BRDA:94,8,1,0
BRDA:110,9,0,0
BRDA:110,9,1,0
BRDA:119,10,0,0
BRDA:119,10,1,0
BRF:22
BRH:2
end_of_record
TN:
SF:src/schema/resolvers/Query/weather.js
FN:7,(anonymous_0)
FN:22,(anonymous_1)
FN:37,(anonymous_2)
FN:52,(anonymous_3)
FN:67,(anonymous_4)
FN:82,(anonymous_5)
FNF:6
FNH:0
FNDA:0,(anonymous_0)
FNDA:0,(anonymous_1)
FNDA:0,(anonymous_2)
FNDA:0,(anonymous_3)
FNDA:0,(anonymous_4)
FNDA:0,(anonymous_5)
DA:1,2
DA:3,2
DA:8,0
DA:9,0
DA:11,0
DA:12,0
DA:14,0
DA:15,0
DA:23,0
DA:24,0
DA:26,0
DA:27,0
DA:29,0
DA:30,0
DA:38,0
DA:39,0
DA:41,0
DA:42,0
DA:44,0
DA:45,0
DA:53,0
DA:54,0
DA:56,0
DA:57,0
DA:59,0
DA:60,0
DA:68,0
DA:69,0
DA:71,0
DA:72,0
DA:74,0
DA:75,0
DA:83,0
DA:84,0
DA:87,0
DA:88,0
DA:91,0
DA:92,0
DA:94,0
DA:95,0
DA:100,2
LF:41
LH:3
BRDA:22,0,0,0
BRDA:37,1,0,0
BRDA:37,2,0,0
BRDA:37,3,0,0
BRDA:52,4,0,0
BRDA:67,5,0,0
BRDA:87,6,0,0
BRDA:87,6,1,0
BRDA:87,7,0,0
BRDA:87,7,1,0
BRF:10
BRH:0
end_of_record
TN:
SF:src/schema/resolvers/Subscription/devices.js
FN:16,(anonymous_0)
FN:35,(anonymous_1)
FN:68,(anonymous_2)
FN:108,(anonymous_3)
FN:125,(anonymous_4)
FN:157,(anonymous_5)
FNF:6
FNH:0
FNDA:0,(anonymous_0)
FNDA:0,(anonymous_1)
FNDA:0,(anonymous_2)
FNDA:0,(anonymous_3)
FNDA:0,(anonymous_4)
FNDA:0,(anonymous_5)
DA:1,1
DA:2,1
DA:3,1
DA:9,1
DA:17,0
DA:23,0
DA:24,0
DA:28,0
DA:36,0
DA:37,0
DA:44,0
DA:45,0
DA:49,0
DA:51,0
DA:52,0
DA:53,0
DA:54,0
DA:55,0
DA:56,0
DA:57,0
DA:58,0
DA:61,0
DA:63,0
DA:64,0
DA:69,0
DA:70,0
DA:76,0
DA:77,0
DA:78,0
DA:79,0
DA:80,0
DA:81,0
DA:82,0
DA:84,0
DA:94,0
DA:96,0
DA:97,0
DA:109,0
DA:115,0
DA:116,0
DA:120,0
DA:126,0
DA:127,0
DA:134,0
DA:135,0
DA:139,0
DA:141,0
DA:142,0
DA:143,0
DA:144,0
DA:148,0
DA:152,0
DA:153,0
DA:158,0
DA:159,0
DA:165,0
DA:166,0
DA:167,0
DA:168,0
DA:171,0
DA:173,0
DA:174,0
DA:180,1
LF:63
LH:5
BRDA:23,0,0,0
BRDA:23,0,1,0
BRDA:44,1,0,0
BRDA:44,1,1,0
BRDA:51,2,0,0
BRDA:51,2,1,0
BRDA:53,3,0,0
BRDA:53,3,1,0
BRDA:55,4,0,0
BRDA:55,4,1,0
BRDA:57,5,0,0
BRDA:57,5,1,0
BRDA:61,6,0,0
BRDA:61,6,1,0
BRDA:76,7,0,0
BRDA:76,7,1,0
BRDA:78,8,0,0
BRDA:78,8,1,0
BRDA:80,9,0,0
BRDA:80,9,1,0
BRDA:82,10,0,0
BRDA:82,10,1,0
BRDA:115,11,0,0
BRDA:115,11,1,0
BRDA:134,12,0,0
BRDA:134,12,1,0
BRDA:141,13,0,0
BRDA:141,13,1,0
BRDA:143,14,0,0
BRDA:143,14,1,0
BRDA:148,15,0,0
BRDA:148,15,1,0
BRDA:148,15,2,0
BRDA:148,15,3,0
BRDA:165,16,0,0
BRDA:165,16,1,0
BRDA:167,17,0,0
BRDA:167,17,1,0
BRF:38
BRH:0
end_of_record
TN:
SF:src/schema/resolvers/Subscription/index.js
FN:10,(anonymous_0)
FNF:1
FNH:0
FNDA:0,(anonymous_0)
DA:2,1
DA:3,1
DA:4,1
DA:5,1
DA:8,1
DA:10,0
DA:25,1
LF:7
LH:6
BRF:0
BRH:0
end_of_record
TN:
SF:src/schema/resolvers/Subscription/notifications.js
FN:14,(anonymous_0)
FN:15,(anonymous_1)
FN:52,(anonymous_2)
FN:76,(anonymous_3)
FN:77,(anonymous_4)
FN:110,(anonymous_5)
FNF:6
FNH:0
FNDA:0,(anonymous_0)
FNDA:0,(anonymous_1)
FNDA:0,(anonymous_2)
FNDA:0,(anonymous_3)
FNDA:0,(anonymous_4)
FNDA:0,(anonymous_5)
DA:1,1
DA:2,1
DA:8,1
DA:14,0
DA:16,0
DA:18,0
DA:19,0
DA:22,0
DA:25,0
DA:27,0
DA:28,0
DA:33,0
DA:34,0
DA:37,0
DA:38,0
DA:41,0
DA:42,0
DA:45,0
DA:47,0
DA:48,0
DA:53,0
DA:55,0
DA:76,0
DA:78,0
DA:80,0
DA:81,0
DA:84,0
DA:87,0
DA:89,0
DA:90,0
DA:95,0
DA:96,0
DA:99,0
DA:100,0
DA:103,0
DA:105,0
DA:106,0
DA:111,0
DA:116,1
LF:39
LH:4
BRDA:18,0,0,0
BRDA:18,0,1,0
BRDA:25,1,0,0
BRDA:25,1,1,0
BRDA:25,2,0,0
BRDA:25,2,1,0
BRDA:27,3,0,0
BRDA:27,3,1,0
BRDA:27,4,0,0
BRDA:27,4,1,0
BRDA:33,5,0,0
BRDA:33,5,1,0
BRDA:33,6,0,0
BRDA:33,6,1,0
BRDA:37,7,0,0
BRDA:37,7,1,0
BRDA:37,8,0,0
BRDA:37,8,1,0
BRDA:41,9,0,0
BRDA:41,9,1,0
BRDA:41,10,0,0
BRDA:41,10,1,0
BRDA:57,11,0,0
BRDA:57,11,1,0
BRDA:58,12,0,0
BRDA:58,12,1,0
BRDA:59,13,0,0
BRDA:59,13,1,0
BRDA:62,14,0,0
BRDA:62,14,1,0
BRDA:63,15,0,0
BRDA:63,15,1,0
BRDA:64,16,0,0
BRDA:64,16,1,0
BRDA:80,17,0,0
BRDA:80,17,1,0
BRDA:87,18,0,0
BRDA:87,18,1,0
BRDA:87,19,0,0
BRDA:87,19,1,0
BRDA:89,20,0,0
BRDA:89,20,1,0
BRDA:89,21,0,0
BRDA:89,21,1,0
BRDA:95,22,0,0
BRDA:95,22,1,0
BRDA:95,23,0,0
BRDA:95,23,1,0
BRDA:99,24,0,0
BRDA:99,24,1,0
BRDA:99,25,0,0
BRDA:99,25,1,0
BRF:52
BRH:0
end_of_record
TN:
SF:src/schema/resolvers/Subscription/sensors.js
FN:16,(anonymous_0)
FN:36,(anonymous_1)
FN:71,(anonymous_2)
FN:154,(anonymous_3)
FN:171,(anonymous_4)
FNF:5
FNH:0
FNDA:0,(anonymous_0)
FNDA:0,(anonymous_1)
FNDA:0,(anonymous_2)
FNDA:0,(anonymous_3)
FNDA:0,(anonymous_4)
DA:1,1
DA:2,1
DA:3,1
DA:9,1
DA:17,0
DA:23,0
DA:24,0
DA:28,0
DA:37,0
DA:38,0
DA:45,0
DA:46,0
DA:50,0
DA:51,0
DA:52,0
DA:53,0
DA:54,0
DA:55,0
DA:56,0
DA:57,0
DA:58,0
DA:59,0
DA:60,0
DA:64,0
DA:66,0
DA:67,0
DA:72,0
DA:73,0
DA:79,0
DA:80,0
DA:81,0
DA:92,0
DA:93,0
DA:94,0
DA:104,0
DA:105,0
DA:106,0
DA:113,0
DA:114,0
DA:115,0
DA:125,0
DA:126,0
DA:127,0
DA:141,0
DA:143,0
DA:144,0
DA:155,0
DA:160,0
DA:161,0
DA:169,0
DA:172,0
DA:176,0
DA:181,1
LF:53
LH:5
BRDA:23,0,0,0
BRDA:23,0,1,0
BRDA:45,1,0,0
BRDA:45,1,1,0
BRDA:45,2,0,0
BRDA:45,2,1,0
BRDA:51,3,0,0
BRDA:51,3,1,0
BRDA:52,4,0,0
BRDA:52,4,1,0
BRDA:53,5,0,0
BRDA:53,5,1,0
BRDA:55,6,0,0
BRDA:55,6,1,0
BRDA:57,7,0,0
BRDA:57,7,1,0
BRDA:59,8,0,0
BRDA:59,8,1,0
BRDA:64,9,0,0
BRDA:64,9,1,0
BRDA:79,10,0,0
BRDA:79,10,1,0
BRDA:92,11,0,0
BRDA:92,11,1,0
BRDA:104,12,0,0
BRDA:104,12,1,0
BRDA:113,13,0,0
BRDA:113,13,1,0
BRDA:125,14,0,0
BRDA:125,14,1,0
BRDA:160,15,0,0
BRDA:160,15,1,0
BRF:32
BRH:0
end_of_record
TN:
SF:src/schema/resolvers/Subscription/weather.js
FN:9,(anonymous_0)
FN:25,(anonymous_1)
FNF:2
FNH:0
FNDA:0,(anonymous_0)
FNDA:0,(anonymous_1)
DA:1,1
DA:2,1
DA:4,1
DA:10,0
DA:13,0
DA:14,0
DA:17,0
DA:26,0
DA:29,0
DA:30,0
DA:33,0
DA:38,1
LF:12
LH:4
BRDA:13,0,0,0
BRDA:13,0,1,0
BRDA:29,1,0,0
BRDA:29,1,1,0
BRDA:29,2,0,0
BRDA:29,2,1,0
BRF:6
BRH:0
end_of_record
TN:
SF:src/schema/resolvers/types/Device.js
FN:12,(anonymous_0)
FN:29,(anonymous_1)
FN:45,(anonymous_2)
FN:60,(anonymous_3)
FN:74,(anonymous_4)
FN:87,(anonymous_5)
FN:106,(anonymous_6)
FN:159,(anonymous_7)
FN:200,(anonymous_8)
FN:212,(anonymous_9)
FN:229,generateDefaultCapabilities
FNF:11
FNH:0
FNDA:0,(anonymous_0)
FNDA:0,(anonymous_1)
FNDA:0,(anonymous_2)
FNDA:0,(anonymous_3)
FNDA:0,(anonymous_4)
FNDA:0,(anonymous_5)
FNDA:0,(anonymous_6)
FNDA:0,(anonymous_7)
FNDA:0,(anonymous_8)
FNDA:0,(anonymous_9)
FNDA:0,generateDefaultCapabilities
DA:1,2
DA:2,2
DA:8,2
DA:13,0
DA:14,0
DA:15,0
DA:19,0
DA:21,0
DA:22,0
DA:30,0
DA:31,0
DA:32,0
DA:35,0
DA:37,0
DA:38,0
DA:46,0
DA:47,0
DA:49,0
DA:50,0
DA:52,0
DA:53,0
DA:61,0
DA:62,0
DA:64,0
DA:66,0
DA:67,0
DA:75,0
DA:77,0
DA:80,0
DA:81,0
DA:84,0
DA:87,0
DA:98,0
DA:99,0
DA:107,0
DA:109,0
DA:110,0
DA:111,0
DA:114,0
DA:115,0
DA:116,0
DA:118,0
DA:119,0
DA:124,0
DA:126,0
DA:129,0
DA:130,0
DA:133,0
DA:134,0
DA:137,0
DA:138,0
DA:141,0
DA:142,0
DA:143,0
DA:144,0
DA:145,0
DA:146,0
DA:149,0
DA:151,0
DA:152,0
DA:160,0
DA:162,0
DA:163,0
DA:164,0
DA:167,0
DA:169,0
DA:171,0
DA:172,0
DA:174,0
DA:175,0
DA:177,0
DA:178,0
DA:181,0
DA:182,0
DA:185,0
DA:187,0
DA:188,0
DA:196,2
DA:201,0
DA:202,0
DA:204,0
DA:205,0
DA:213,0
DA:214,0
DA:215,0
DA:218,0
DA:220,0
DA:221,0
DA:230,0
DA:239,0
DA:242,0
DA:257,0
DA:272,0
DA:286,0
DA:300,0
DA:304,2
LF:96
LH:5
BRDA:14,0,0,0
BRDA:14,0,1,0
BRDA:31,1,0,0
BRDA:31,1,1,0
BRDA:50,2,0,0
BRDA:50,2,1,0
BRDA:60,3,0,0
BRDA:80,4,0,0
BRDA:80,4,1,0
BRDA:80,5,0,0
BRDA:80,5,1,0
BRDA:89,6,0,0
BRDA:89,6,1,0
BRDA:92,7,0,0
BRDA:92,7,1,0
BRDA:93,8,0,0
BRDA:93,8,1,0
BRDA:94,9,0,0
BRDA:94,9,1,0
BRDA:95,10,0,0
BRDA:95,10,1,0
BRDA:114,11,0,0
BRDA:114,11,1,0
BRDA:118,12,0,0
BRDA:118,12,1,0
BRDA:126,13,0,0
BRDA:126,13,1,0
BRDA:126,13,2,0
BRDA:126,13,3,0
BRDA:126,13,4,0
BRDA:126,13,5,0
BRDA:141,14,0,0
BRDA:141,14,1,0
BRDA:143,15,0,0
BRDA:143,15,1,0
BRDA:145,16,0,0
BRDA:145,16,1,0
BRDA:169,17,0,0
BRDA:169,17,1,0
BRDA:169,17,2,0
BRDA:169,17,3,0
BRDA:169,17,4,0
BRDA:214,18,0,0
BRDA:214,18,1,0
BRDA:239,19,0,0
BRDA:239,19,1,0
BRDA:239,19,2,0
BRDA:239,19,3,0
BRDA:239,19,4,0
BRDA:239,19,5,0
BRDA:239,19,6,0
BRDA:239,19,7,0
BRF:52
BRH:0
end_of_record
TN:
SF:src/schema/resolvers/types/Notification.js
FN:12,(anonymous_0)
FN:50,(anonymous_1)
FN:82,(anonymous_2)
FN:102,(anonymous_3)
FN:127,(anonymous_4)
FN:139,(anonymous_5)
FN:150,(anonymous_6)
FN:161,(anonymous_7)
FN:176,(anonymous_8)
FN:192,(anonymous_9)
FN:203,(anonymous_10)
FN:207,(anonymous_11)
FN:211,(anonymous_12)
FN:215,(anonymous_13)
FN:227,(anonymous_14)
FN:265,(anonymous_15)
FN:290,(anonymous_16)
FN:297,(anonymous_17)
FN:301,(anonymous_18)
FN:311,(anonymous_19)
FN:338,(anonymous_20)
FN:349,(anonymous_21)
FN:353,(anonymous_22)
FN:365,(anonymous_23)
FN:385,(anonymous_24)
FNF:25
FNH:1
FNDA:0,(anonymous_0)
FNDA:1,(anonymous_1)
FNDA:0,(anonymous_2)
FNDA:0,(anonymous_3)
FNDA:0,(anonymous_4)
FNDA:0,(anonymous_5)
FNDA:0,(anonymous_6)
FNDA:0,(anonymous_7)
FNDA:0,(anonymous_8)
FNDA:0,(anonymous_9)
FNDA:0,(anonymous_10)
FNDA:0,(anonymous_11)
FNDA:0,(anonymous_12)
FNDA:0,(anonymous_13)
FNDA:0,(anonymous_14)
FNDA:0,(anonymous_15)
FNDA:0,(anonymous_16)
FNDA:0,(anonymous_17)
FNDA:0,(anonymous_18)
FNDA:0,(anonymous_19)
FNDA:0,(anonymous_20)
FNDA:0,(anonymous_21)
FNDA:0,(anonymous_22)
FNDA:0,(anonymous_23)
FNDA:0,(anonymous_24)
DA:1,2
DA:2,2
DA:8,2
DA:13,0
DA:14,0
DA:17,0
DA:18,0
DA:19,0
DA:22,0
DA:23,0
DA:28,0
DA:29,0
DA:32,0
DA:33,0
DA:42,0
DA:43,0
DA:51,1
DA:52,1
DA:55,0
DA:56,0
DA:57,0
DA:58,0
DA:61,0
DA:74,0
DA:75,0
DA:83,0
DA:84,0
DA:87,0
DA:88,0
DA:89,0
DA:91,0
DA:92,0
DA:96,0
DA:103,0
DA:104,0
DA:107,0
DA:108,0
DA:109,0
DA:110,0
DA:112,0
DA:113,0
DA:117,0
DA:118,0
DA:121,0
DA:128,0
DA:129,0
DA:132,0
DA:133,0
DA:140,0
DA:141,0
DA:144,0
DA:151,0
DA:152,0
DA:155,0
DA:162,0
DA:163,0
DA:166,0
DA:167,0
DA:170,0
DA:177,0
DA:178,0
DA:181,0
DA:182,0
DA:183,0
DA:186,0
DA:193,0
DA:194,0
DA:197,0
DA:204,0
DA:208,0
DA:212,0
DA:216,0
DA:223,2
DA:228,0
DA:229,0
DA:232,0
DA:233,0
DA:234,0
DA:237,0
DA:238,0
DA:243,0
DA:244,0
DA:247,0
DA:248,0
DA:257,0
DA:258,0
DA:266,0
DA:267,0
DA:270,0
DA:271,0
DA:272,0
DA:273,0
DA:275,0
DA:276,0
DA:280,0
DA:281,0
DA:284,0
DA:291,0
DA:292,0
DA:295,0
DA:296,0
DA:297,0
DA:300,0
DA:301,0
DA:305,0
DA:312,0
DA:313,0
DA:316,0
DA:317,0
DA:318,0
DA:319,0
DA:320,0
DA:322,0
DA:323,0
DA:327,0
DA:328,0
DA:332,0
DA:339,0
DA:340,0
DA:343,0
DA:350,0
DA:354,0
DA:361,2
DA:366,0
DA:367,0
DA:370,0
DA:371,0
DA:374,0
DA:381,2
DA:386,0
DA:387,0
DA:390,0
DA:394,2
LF:133
LH:9
BRDA:13,0,0,0
BRDA:13,0,1,0
BRDA:13,1,0,0
BRDA:13,1,1,0
BRDA:17,2,0,0
BRDA:17,2,1,0
BRDA:18,3,0,0
BRDA:18,3,1,0
BRDA:28,4,0,0
BRDA:28,4,1,0
BRDA:39,5,0,0
BRDA:39,5,1,0
BRDA:51,6,0,1
BRDA:51,6,1,0
BRDA:57,7,0,0
BRDA:57,7,1,0
BRDA:63,8,0,0
BRDA:63,8,1,0
BRDA:66,9,0,0
BRDA:66,9,1,0
BRDA:67,10,0,0
BRDA:67,10,1,0
BRDA:69,11,0,0
BRDA:69,11,1,0
BRDA:83,12,0,0
BRDA:83,12,1,0
BRDA:87,13,0,0
BRDA:87,13,1,0
BRDA:103,14,0,0
BRDA:103,14,1,0
BRDA:107,15,0,0
BRDA:107,15,1,0
BRDA:110,16,0,0
BRDA:110,16,1,0
BRDA:117,17,0,0
BRDA:117,17,1,0
BRDA:128,18,0,0
BRDA:128,18,1,0
BRDA:132,19,0,0
BRDA:132,19,1,0
BRDA:140,20,0,0
BRDA:140,20,1,0
BRDA:151,21,0,0
BRDA:151,21,1,0
BRDA:162,22,0,0
BRDA:162,22,1,0
BRDA:166,23,0,0
BRDA:166,23,1,0
BRDA:177,24,0,0
BRDA:177,24,1,0
BRDA:181,25,0,0
BRDA:181,25,1,0
BRDA:183,26,0,0
BRDA:183,26,1,0
BRDA:193,27,0,0
BRDA:193,27,1,0
BRDA:204,28,0,0
BRDA:204,28,1,0
BRDA:208,29,0,0
BRDA:208,29,1,0
BRDA:208,29,2,0
BRDA:208,29,3,0
BRDA:212,30,0,0
BRDA:212,30,1,0
BRDA:216,31,0,0
BRDA:216,31,1,0
BRDA:216,31,2,0
BRDA:228,32,0,0
BRDA:228,32,1,0
BRDA:228,33,0,0
BRDA:228,33,1,0
BRDA:232,34,0,0
BRDA:232,34,1,0
BRDA:233,35,0,0
BRDA:233,35,1,0
BRDA:243,36,0,0
BRDA:243,36,1,0
BRDA:254,37,0,0
BRDA:254,37,1,0
BRDA:266,38,0,0
BRDA:266,38,1,0
BRDA:270,39,0,0
BRDA:270,39,1,0
BRDA:273,40,0,0
BRDA:273,40,1,0
BRDA:280,41,0,0
BRDA:280,41,1,0
BRDA:291,42,0,0
BRDA:291,42,1,0
BRDA:291,43,0,0
BRDA:291,43,1,0
BRDA:295,44,0,0
BRDA:295,44,1,0
BRDA:296,45,0,0
BRDA:296,45,1,0
BRDA:300,46,0,0
BRDA:300,46,1,0
BRDA:312,47,0,0
BRDA:312,47,1,0
BRDA:312,48,0,0
BRDA:312,48,1,0
BRDA:316,49,0,0
BRDA:316,49,1,0
BRDA:317,50,0,0
BRDA:317,50,1,0
BRDA:320,51,0,0
BRDA:320,51,1,0
BRDA:327,52,0,0
BRDA:327,52,1,0
BRDA:339,53,0,0
BRDA:339,53,1,0
BRDA:350,54,0,0
BRDA:350,54,1,0
BRDA:354,55,0,0
BRDA:354,55,1,0
BRDA:354,55,2,0
BRDA:354,55,3,0
BRDA:366,56,0,0
BRDA:366,56,1,0
BRDA:370,57,0,0
BRDA:370,57,1,0
BRDA:386,58,0,0
BRDA:386,58,1,0
BRF:123
BRH:1
end_of_record
TN:
SF:src/schema/resolvers/types/Rule.js
FN:12,(anonymous_0)
FN:28,(anonymous_1)
FN:45,(anonymous_2)
FN:62,(anonymous_3)
FN:79,(anonymous_4)
FN:92,(anonymous_5)
FN:113,(anonymous_6)
FN:131,(anonymous_7)
FN:146,(anonymous_8)
FN:158,(anonymous_9)
FN:175,(anonymous_10)
FN:182,(anonymous_11)
FN:189,(anonymous_12)
FN:205,(anonymous_13)
FN:228,(anonymous_14)
FN:236,(anonymous_15)
FN:258,(anonymous_16)
FNF:17
FNH:0
FNDA:0,(anonymous_0)
FNDA:0,(anonymous_1)
FNDA:0,(anonymous_2)
FNDA:0,(anonymous_3)
FNDA:0,(anonymous_4)
FNDA:0,(anonymous_5)
FNDA:0,(anonymous_6)
FNDA:0,(anonymous_7)
FNDA:0,(anonymous_8)
FNDA:0,(anonymous_9)
FNDA:0,(anonymous_10)
FNDA:0,(anonymous_11)
FNDA:0,(anonymous_12)
FNDA:0,(anonymous_13)
FNDA:0,(anonymous_14)
FNDA:0,(anonymous_15)
FNDA:0,(anonymous_16)
DA:1,2
DA:2,2
DA:8,2
DA:13,0
DA:14,0
DA:15,0
DA:18,0
DA:20,0
DA:21,0
DA:29,0
DA:30,0
DA:35,0
DA:37,0
DA:38,0
DA:46,0
DA:47,0
DA:52,0
DA:54,0
DA:55,0
DA:63,0
DA:64,0
DA:69,0
DA:71,0
DA:72,0
DA:80,0
DA:82,0
DA:84,0
DA:85,0
DA:93,0
DA:94,0
DA:95,0
DA:100,0
DA:101,0
DA:103,0
DA:105,0
DA:106,0
DA:114,0
DA:115,0
DA:116,0
DA:118,0
DA:120,0
DA:121,0
DA:132,0
DA:133,0
DA:134,0
DA:136,0
DA:138,0
DA:139,0
DA:147,0
DA:154,2
DA:159,0
DA:160,0
DA:165,0
DA:167,0
DA:168,0
DA:176,0
DA:183,0
DA:190,0
DA:191,0
DA:192,0
DA:196,0
DA:198,0
DA:206,0
DA:207,0
DA:215,0
DA:229,0
DA:231,0
DA:232,0
DA:236,0
DA:244,0
DA:246,0
DA:254,2
DA:259,0
DA:262,0
DA:264,0
DA:269,2
LF:76
LH:6
BRDA:14,0,0,0
BRDA:14,0,1,0
BRDA:35,1,0,0
BRDA:35,1,1,0
BRDA:52,2,0,0
BRDA:52,2,1,0
BRDA:62,3,0,0
BRDA:82,4,0,0
BRDA:82,4,1,0
BRDA:94,5,0,0
BRDA:94,5,1,0
BRDA:115,6,0,0
BRDA:115,6,1,0
BRDA:133,7,0,0
BRDA:133,7,1,0
BRDA:136,8,0,0
BRDA:136,8,1,0
BRDA:147,9,0,0
BRDA:147,9,1,0
BRDA:165,10,0,0
BRDA:165,10,1,0
BRDA:183,11,0,0
BRDA:183,11,1,0
BRDA:191,12,0,0
BRDA:191,12,1,0
BRDA:192,13,0,0
BRDA:192,13,1,0
BRDA:231,14,0,0
BRDA:231,14,1,0
BRDA:232,15,0,0
BRDA:232,15,1,0
BRDA:239,16,0,0
BRDA:239,16,1,0
BRDA:241,17,0,0
BRDA:241,17,1,0
BRF:35
BRH:0
end_of_record
TN:
SF:src/schema/resolvers/types/Sensor.js
FN:12,(anonymous_0)
FN:111,(anonymous_1)
FN:122,(anonymous_2)
FN:132,(anonymous_3)
FN:157,(anonymous_4)
FN:174,(anonymous_5)
FNF:6
FNH:1
FNDA:0,(anonymous_0)
FNDA:0,(anonymous_1)
FNDA:0,(anonymous_2)
FNDA:0,(anonymous_3)
FNDA:1,(anonymous_4)
FNDA:0,(anonymous_5)
DA:1,2
DA:2,2
DA:8,2
DA:13,0
DA:14,0
DA:19,0
DA:21,0
DA:22,0
DA:23,0
DA:34,0
DA:37,0
DA:38,0
DA:39,0
DA:50,0
DA:53,0
DA:54,0
DA:55,0
DA:65,0
DA:68,0
DA:69,0
DA:70,0
DA:80,0
DA:83,0
DA:84,0
DA:85,0
DA:86,0
DA:98,0
DA:101,0
DA:103,0
DA:104,0
DA:112,0
DA:113,0
DA:115,0
DA:116,0
DA:117,0
DA:119,0
DA:122,0
DA:124,0
DA:125,0
DA:133,0
DA:134,0
DA:137,0
DA:142,0
DA:144,0
DA:145,0
DA:153,2
DA:158,1
DA:159,1
DA:161,0
DA:162,0
DA:170,2
DA:175,0
DA:176,0
DA:178,0
DA:179,0
DA:184,2
LF:56
LH:8
BRDA:19,0,0,0
BRDA:19,0,1,0
BRDA:19,0,2,0
BRDA:19,0,3,0
BRDA:19,0,4,0
BRDA:22,1,0,0
BRDA:22,1,1,0
BRDA:29,2,0,0
BRDA:29,2,1,0
BRDA:30,3,0,0
BRDA:30,3,1,0
BRDA:31,4,0,0
BRDA:31,4,1,0
BRDA:38,5,0,0
BRDA:38,5,1,0
BRDA:45,6,0,0
BRDA:45,6,1,0
BRDA:46,7,0,0
BRDA:46,7,1,0
BRDA:47,8,0,0
BRDA:47,8,1,0
BRDA:54,9,0,0
BRDA:54,9,1,0
BRDA:58,10,0,0
BRDA:58,10,1,0
BRDA:59,11,0,0
BRDA:59,11,1,0
BRDA:60,12,0,0
BRDA:60,12,1,0
BRDA:61,13,0,0
BRDA:61,13,1,0
BRDA:62,14,0,0
BRDA:62,14,1,0
BRDA:69,15,0,0
BRDA:69,15,1,0
BRDA:75,16,0,0
BRDA:75,16,1,0
BRDA:76,17,0,0
BRDA:76,17,1,0
BRDA:77,18,0,0
BRDA:77,18,1,0
BRDA:83,19,0,0
BRDA:83,19,1,0
BRDA:85,20,0,0
BRDA:85,20,1,0
BRDA:90,21,0,0
BRDA:90,21,1,0
BRDA:91,22,0,0
BRDA:91,22,1,0
BRDA:92,23,0,0
BRDA:92,23,1,0
BRDA:93,24,0,0
BRDA:93,24,1,0
BRDA:94,25,0,0
BRDA:94,25,1,0
BRDA:115,26,0,0
BRDA:115,26,1,0
BRDA:116,27,0,0
BRDA:116,27,1,0
BRDA:117,28,0,0
BRDA:117,28,1,0
BRDA:137,29,0,0
BRDA:137,29,1,0
BRF:63
BRH:0
end_of_record
TN:
SF:src/schema/resolvers/types/User.js
FN:12,(anonymous_0)
FN:16,(anonymous_1)
FN:20,(anonymous_2)
FN:24,(anonymous_3)
FN:28,(anonymous_4)
FN:32,(anonymous_5)
FN:39,(anonymous_6)
FN:47,(anonymous_7)
FN:82,(anonymous_8)
FN:106,(anonymous_9)
FN:119,(anonymous_10)
FN:129,(anonymous_11)
FN:146,(anonymous_12)
FN:183,(anonymous_13)
FN:221,(anonymous_14)
FN:241,(anonymous_15)
FN:245,(anonymous_16)
FN:249,(anonymous_17)
FN:253,(anonymous_18)
FN:265,(anonymous_19)
FN:269,(anonymous_20)
FN:273,(anonymous_21)
FN:277,(anonymous_22)
FN:281,(anonymous_23)
FN:285,(anonymous_24)
FN:289,(anonymous_25)
FN:293,(anonymous_26)
FNF:27
FNH:0
FNDA:0,(anonymous_0)
FNDA:0,(anonymous_1)
FNDA:0,(anonymous_2)
FNDA:0,(anonymous_3)
FNDA:0,(anonymous_4)
FNDA:0,(anonymous_5)
FNDA:0,(anonymous_6)
FNDA:0,(anonymous_7)
FNDA:0,(anonymous_8)
FNDA:0,(anonymous_9)
FNDA:0,(anonymous_10)
FNDA:0,(anonymous_11)
FNDA:0,(anonymous_12)
FNDA:0,(anonymous_13)
FNDA:0,(anonymous_14)
FNDA:0,(anonymous_15)
FNDA:0,(anonymous_16)
FNDA:0,(anonymous_17)
FNDA:0,(anonymous_18)
FNDA:0,(anonymous_19)
FNDA:0,(anonymous_20)
FNDA:0,(anonymous_21)
FNDA:0,(anonymous_22)
FNDA:0,(anonymous_23)
FNDA:0,(anonymous_24)
FNDA:0,(anonymous_25)
FNDA:0,(anonymous_26)
DA:1,2
DA:2,2
DA:8,2
DA:13,0
DA:17,0
DA:21,0
DA:25,0
DA:29,0
DA:33,0
DA:40,0
DA:41,0
DA:48,0
DA:49,0
DA:52,0
DA:53,0
DA:54,0
DA:55,0
DA:57,0
DA:61,0
DA:62,0
DA:67,0
DA:83,0
DA:84,0
DA:87,0
DA:88,0
DA:89,0
DA:90,0
DA:92,0
DA:93,0
DA:97,0
DA:100,0
DA:107,0
DA:108,0
DA:109,0
DA:111,0
DA:112,0
DA:120,0
DA:121,0
DA:129,0
DA:138,0
DA:139,0
DA:147,0
DA:148,0
DA:156,0
DA:157,0
DA:160,0
DA:161,0
DA:170,0
DA:171,0
DA:179,2
DA:184,0
DA:185,0
DA:188,0
DA:189,0
DA:190,0
DA:193,0
DA:194,0
DA:199,0
DA:200,0
DA:203,0
DA:204,0
DA:213,0
DA:214,0
DA:222,0
DA:223,0
DA:226,0
DA:227,0
DA:228,0
DA:230,0
DA:231,0
DA:235,0
DA:242,0
DA:246,0
DA:250,0
DA:254,0
DA:261,2
DA:266,0
DA:270,0
DA:274,0
DA:278,0
DA:282,0
DA:286,0
DA:290,0
DA:294,0
DA:298,2
LF:85
LH:6
BRDA:13,0,0,0
BRDA:13,0,1,0
BRDA:17,1,0,0
BRDA:17,1,1,0
BRDA:21,2,0,0
BRDA:21,2,1,0
BRDA:25,3,0,0
BRDA:25,3,1,0
BRDA:29,4,0,0
BRDA:29,4,1,0
BRDA:33,5,0,0
BRDA:33,5,1,0
BRDA:40,6,0,0
BRDA:40,6,1,0
BRDA:48,7,0,0
BRDA:48,7,1,0
BRDA:48,8,0,0
BRDA:48,8,1,0
BRDA:52,9,0,0
BRDA:52,9,1,0
BRDA:53,10,0,0
BRDA:53,10,1,0
BRDA:61,11,0,0
BRDA:61,11,1,0
BRDA:83,12,0,0
BRDA:83,12,1,0
BRDA:87,13,0,0
BRDA:87,13,1,0
BRDA:88,14,0,0
BRDA:88,14,1,0
BRDA:109,15,0,0
BRDA:109,15,1,0
BRDA:156,16,0,0
BRDA:156,16,1,0
BRDA:184,17,0,0
BRDA:184,17,1,0
BRDA:184,18,0,0
BRDA:184,18,1,0
BRDA:188,19,0,0
BRDA:188,19,1,0
BRDA:189,20,0,0
BRDA:189,20,1,0
BRDA:199,21,0,0
BRDA:199,21,1,0
BRDA:210,22,0,0
BRDA:210,22,1,0
BRDA:222,23,0,0
BRDA:222,23,1,0
BRDA:222,24,0,0
BRDA:222,24,1,0
BRDA:226,25,0,0
BRDA:226,25,1,0
BRDA:242,26,0,0
BRDA:242,26,1,0
BRDA:246,27,0,0
BRDA:246,27,1,0
BRDA:250,28,0,0
BRDA:250,28,1,0
BRDA:254,29,0,0
BRDA:254,29,1,0
BRDA:266,30,0,0
BRDA:266,30,1,0
BRDA:270,31,0,0
BRDA:270,31,1,0
BRDA:274,32,0,0
BRDA:274,32,1,0
BRDA:278,33,0,0
BRDA:278,33,1,0
BRDA:282,34,0,0
BRDA:282,34,1,0
BRDA:286,35,0,0
BRDA:286,35,1,0
BRDA:290,36,0,0
BRDA:290,36,1,0
BRDA:294,37,0,0
BRDA:294,37,1,0
BRF:76
BRH:0
end_of_record
TN:
SF:src/schema/typeDefs/index.js
FN:85,loadGraphQLFile
FNF:1
FNH:1
FNDA:42,loadGraphQLFile
DA:1,7
DA:2,7
DA:3,7
DA:6,7
DA:9,7
DA:86,42
DA:87,42
DA:88,42
DA:90,0
DA:91,0
DA:96,7
DA:97,7
DA:98,7
DA:99,7
DA:100,7
DA:101,7
DA:104,7
DA:116,7
LF:18
LH:16
BRF:0
BRH:0
end_of_record
TN:
SF:src/services/authService.js
FN:11,(anonymous_0)
FN:23,(anonymous_1)
FN:68,(anonymous_2)
FN:104,(anonymous_3)
FN:142,(anonymous_4)
FN:181,(anonymous_5)
FN:198,(anonymous_6)
FN:223,(anonymous_7)
FN:242,(anonymous_8)
FN:255,(anonymous_9)
FNF:10
FNH:1
FNDA:4,(anonymous_0)
FNDA:0,(anonymous_1)
FNDA:0,(anonymous_2)
FNDA:0,(anonymous_3)
FNDA:0,(anonymous_4)
FNDA:0,(anonymous_5)
FNDA:0,(anonymous_6)
FNDA:0,(anonymous_7)
FNDA:0,(anonymous_8)
FNDA:0,(anonymous_9)
DA:1,4
DA:2,4
DA:3,4
DA:4,4
DA:12,4
DA:13,4
DA:14,4
DA:15,4
DA:24,0
DA:27,0
DA:32,0
DA:33,0
DA:37,0
DA:38,0
DA:39,0
DA:43,0
DA:46,0
DA:53,0
DA:54,0
DA:56,0
DA:70,0
DA:75,0
DA:76,0
DA:79,0
DA:82,0
DA:83,0
DA:84,0
DA:88,0
DA:91,0
DA:93,0
DA:105,0
DA:113,0
DA:118,0
DA:123,0
DA:124,0
DA:127,0
DA:128,0
DA:130,0
DA:143,0
DA:145,0
DA:148,0
DA:149,0
DA:151,0
DA:152,0
DA:156,0
DA:161,0
DA:162,0
DA:165,0
DA:166,0
DA:168,0
DA:173,0
DA:183,0
DA:184,0
DA:187,0
DA:188,0
DA:190,0
DA:199,0
DA:200,0
DA:203,0
DA:208,0
DA:209,0
DA:212,0
DA:214,0
DA:224,0
DA:229,0
DA:230,0
DA:233,0
DA:243,0
DA:244,0
DA:245,0
DA:247,0
DA:256,0
DA:257,0
DA:259,0
DA:260,0
DA:262,0
DA:263,0
DA:264,0
DA:265,0
DA:266,0
DA:267,0
DA:272,4
LF:82
LH:9
BRDA:12,0,0,4
BRDA:12,0,1,0
BRDA:13,1,0,4
BRDA:13,1,1,0
BRDA:14,2,0,4
BRDA:14,2,1,4
BRDA:24,3,0,0
BRDA:32,4,0,0
BRDA:32,4,1,0
BRDA:38,5,0,0
BRDA:38,5,1,0
BRDA:75,6,0,0
BRDA:75,6,1,0
BRDA:83,7,0,0
BRDA:83,7,1,0
BRDA:151,8,0,0
BRDA:151,8,1,0
BRDA:151,9,0,0
BRDA:151,9,1,0
BRDA:161,10,0,0
BRDA:161,10,1,0
BRDA:208,11,0,0
BRDA:208,11,1,0
BRDA:229,12,0,0
BRDA:229,12,1,0
BRDA:257,13,0,0
BRDA:257,13,1,0
BRDA:262,14,0,0
BRDA:262,14,1,0
BRDA:262,14,2,0
BRDA:262,14,3,0
BRDA:262,14,4,0
BRF:32
BRH:4
end_of_record
TN:
SF:src/services/deviceService.js
FN:11,(anonymous_0)
FN:19,(anonymous_1)
FN:29,(anonymous_2)
FN:86,(anonymous_3)
FN:138,(anonymous_4)
FN:181,(anonymous_5)
FN:254,(anonymous_6)
FN:301,(anonymous_7)
FN:357,(anonymous_8)
FN:410,(anonymous_9)
FN:484,(anonymous_10)
FN:506,(anonymous_11)
FN:542,(anonymous_12)
FN:566,(anonymous_13)
FN:605,(anonymous_14)
FN:634,(anonymous_15)
FN:678,(anonymous_16)
FNF:17
FNH:1
FNDA:4,(anonymous_0)
FNDA:0,(anonymous_1)
FNDA:0,(anonymous_2)
FNDA:0,(anonymous_3)
FNDA:0,(anonymous_4)
FNDA:0,(anonymous_5)
FNDA:0,(anonymous_6)
FNDA:0,(anonymous_7)
FNDA:0,(anonymous_8)
FNDA:0,(anonymous_9)
FNDA:0,(anonymous_10)
FNDA:0,(anonymous_11)
FNDA:0,(anonymous_12)
FNDA:0,(anonymous_13)
FNDA:0,(anonymous_14)
FNDA:0,(anonymous_15)
FNDA:0,(anonymous_16)
DA:1,4
DA:2,4
DA:3,4
DA:12,4
DA:21,0
DA:39,0
DA:41,0
DA:42,0
DA:46,0
DA:47,0
DA:50,0
DA:51,0
DA:58,0
DA:59,0
DA:62,0
DA:63,0
DA:66,0
DA:70,0
DA:72,0
DA:74,0
DA:75,0
DA:77,0
DA:87,0
DA:93,0
DA:94,0
DA:95,0
DA:97,0
DA:98,0
DA:99,0
DA:101,0
DA:102,0
DA:103,0
DA:105,0
DA:106,0
DA:107,0
DA:109,0
DA:110,0
DA:111,0
DA:114,0
DA:115,0
DA:117,0
DA:119,0
DA:120,0
DA:123,0
DA:124,0
DA:126,0
DA:128,0
DA:129,0
DA:139,0
DA:140,0
DA:141,0
DA:145,0
DA:146,0
DA:147,0
DA:150,0
DA:151,0
DA:159,0
DA:160,0
DA:163,0
DA:166,0
DA:168,0
DA:170,0
DA:171,0
DA:182,0
DA:183,0
DA:184,0
DA:187,0
DA:188,0
DA:189,0
DA:190,0
DA:192,0
DA:193,0
DA:194,0
DA:195,0
DA:197,0
DA:198,0
DA:200,0
DA:201,0
DA:203,0
DA:204,0
DA:205,0
DA:206,0
DA:208,0
DA:209,0
DA:211,0
DA:213,0
DA:214,0
DA:215,0
DA:217,0
DA:218,0
DA:221,0
DA:222,0
DA:225,0
DA:226,0
DA:227,0
DA:231,0
DA:234,0
DA:238,0
DA:240,0
DA:242,0
DA:243,0
DA:245,0
DA:255,0
DA:256,0
DA:257,0
DA:260,0
DA:262,0
DA:263,0
DA:265,0
DA:267,0
DA:268,0
DA:271,0
DA:272,0
DA:275,0
DA:276,0
DA:277,0
DA:280,0
DA:284,0
DA:290,0
DA:291,0
DA:302,0
DA:303,0
DA:304,0
DA:307,0
DA:308,0
DA:311,0
DA:312,0
DA:315,0
DA:316,0
DA:324,0
DA:325,0
DA:328,0
DA:329,0
DA:332,0
DA:333,0
DA:336,0
DA:344,0
DA:346,0
DA:347,0
DA:358,0
DA:360,0
DA:361,0
DA:362,0
DA:365,0
DA:366,0
DA:369,0
DA:370,0
DA:378,0
DA:379,0
DA:382,0
DA:383,0
DA:386,0
DA:389,0
DA:396,0
DA:398,0
DA:399,0
DA:400,0
DA:411,0
DA:413,0
DA:414,0
DA:415,0
DA:418,0
DA:419,0
DA:420,0
DA:422,0
DA:423,0
DA:424,0
DA:426,0
DA:427,0
DA:428,0
DA:430,0
DA:431,0
DA:432,0
DA:433,0
DA:435,0
DA:439,0
DA:440,0
DA:441,0
DA:442,0
DA:444,0
DA:452,0
DA:454,0
DA:455,0
DA:457,0
DA:459,0
DA:460,0
DA:461,0
DA:464,0
DA:465,0
DA:466,0
DA:468,0
DA:473,0
DA:474,0
DA:475,0
DA:485,0
DA:486,0
DA:495,0
DA:497,0
DA:498,0
DA:507,0
DA:509,0
DA:510,0
DA:511,0
DA:514,0
DA:525,0
DA:528,0
DA:530,0
DA:532,0
DA:533,0
DA:543,0
DA:544,0
DA:549,0
DA:550,0
DA:553,0
DA:555,0
DA:556,0
DA:567,0
DA:569,0
DA:572,0
DA:574,0
DA:575,0
DA:579,0
DA:593,0
DA:595,0
DA:596,0
DA:606,0
DA:607,0
DA:609,0
DA:610,0
DA:615,0
DA:616,0
DA:618,0
DA:621,0
DA:623,0
DA:624,0
DA:635,0
DA:636,0
DA:637,0
DA:638,0
DA:641,0
DA:642,0
DA:646,0
DA:647,0
DA:653,0
DA:656,0
DA:659,0
DA:662,0
DA:666,0
DA:668,0
DA:669,0
DA:679,0
DA:680,0
DA:681,0
DA:682,0
DA:686,0
DA:694,0
DA:697,0
DA:699,0
DA:701,0
DA:702,0
DA:707,4
LF:261
LH:5
BRDA:35,0,0,0
BRDA:36,1,0,0
BRDA:41,2,0,0
BRDA:41,2,1,0
BRDA:41,3,0,0
BRDA:41,3,1,0
BRDA:41,3,2,0
BRDA:46,4,0,0
BRDA:46,4,1,0
BRDA:46,5,0,0
BRDA:46,5,1,0
BRDA:74,6,0,0
BRDA:74,6,1,0
BRDA:86,7,0,0
BRDA:97,8,0,0
BRDA:97,8,1,0
BRDA:101,9,0,0
BRDA:101,9,1,0
BRDA:105,10,0,0
BRDA:105,10,1,0
BRDA:109,11,0,0
BRDA:109,11,1,0
BRDA:114,12,0,0
BRDA:114,12,1,0
BRDA:140,13,0,0
BRDA:140,13,1,0
BRDA:146,14,0,0
BRDA:146,14,1,0
BRDA:159,15,0,0
BRDA:159,15,1,0
BRDA:183,16,0,0
BRDA:183,16,1,0
BRDA:192,17,0,0
BRDA:192,17,1,0
BRDA:193,18,0,0
BRDA:193,18,1,0
BRDA:194,19,0,0
BRDA:194,19,1,0
BRDA:195,20,0,0
BRDA:195,20,1,0
BRDA:197,21,0,0
BRDA:197,21,1,0
BRDA:203,22,0,0
BRDA:203,22,1,0
BRDA:204,23,0,0
BRDA:204,23,1,0
BRDA:205,24,0,0
BRDA:205,24,1,0
BRDA:205,25,0,0
BRDA:205,25,1,0
BRDA:206,26,0,0
BRDA:206,26,1,0
BRDA:208,27,0,0
BRDA:208,27,1,0
BRDA:217,28,0,0
BRDA:217,28,1,0
BRDA:226,29,0,0
BRDA:226,29,1,0
BRDA:242,30,0,0
BRDA:242,30,1,0
BRDA:256,31,0,0
BRDA:256,31,1,0
BRDA:267,32,0,0
BRDA:267,32,1,0
BRDA:303,33,0,0
BRDA:303,33,1,0
BRDA:307,34,0,0
BRDA:307,34,1,0
BRDA:307,35,0,0
BRDA:307,35,1,0
BRDA:307,35,2,0
BRDA:307,35,3,0
BRDA:311,36,0,0
BRDA:311,36,1,0
BRDA:324,37,0,0
BRDA:324,37,1,0
BRDA:361,38,0,0
BRDA:361,38,1,0
BRDA:361,39,0,0
BRDA:361,39,1,0
BRDA:365,40,0,0
BRDA:365,40,1,0
BRDA:365,41,0,0
BRDA:365,41,1,0
BRDA:378,42,0,0
BRDA:378,42,1,0
BRDA:399,43,0,0
BRDA:399,43,1,0
BRDA:410,44,0,0
BRDA:414,45,0,0
BRDA:414,45,1,0
BRDA:414,46,0,0
BRDA:414,46,1,0
BRDA:422,47,0,0
BRDA:422,47,1,0
BRDA:426,48,0,0
BRDA:426,48,1,0
BRDA:430,49,0,0
BRDA:430,49,1,0
BRDA:430,50,0,0
BRDA:430,50,1,0
BRDA:430,50,2,0
BRDA:432,51,0,0
BRDA:432,51,1,0
BRDA:432,52,0,0
BRDA:432,52,1,0
BRDA:440,53,0,0
BRDA:440,53,1,0
BRDA:441,54,0,0
BRDA:441,54,1,0
BRDA:460,55,0,0
BRDA:460,55,1,0
BRDA:473,56,0,0
BRDA:473,56,1,0
BRDA:510,57,0,0
BRDA:510,57,1,0
BRDA:549,58,0,0
BRDA:549,58,1,0
BRDA:553,59,0,0
BRDA:553,59,1,0
BRDA:566,60,0,0
BRDA:567,61,0,0
BRDA:574,62,0,0
BRDA:574,62,1,0
BRDA:585,63,0,0
BRDA:585,63,1,0
BRDA:586,64,0,0
BRDA:586,64,1,0
BRDA:587,65,0,0
BRDA:587,65,1,0
BRDA:609,66,0,0
BRDA:609,66,1,0
BRDA:615,67,0,0
BRDA:615,67,1,0
BRDA:615,68,0,0
BRDA:615,68,1,0
BRDA:615,68,2,0
BRDA:637,69,0,0
BRDA:637,69,1,0
BRDA:641,70,0,0
BRDA:641,70,1,0
BRDA:641,71,0,0
BRDA:641,71,1,0
BRDA:641,71,2,0
BRDA:681,72,0,0
BRDA:681,72,1,0
BRF:146
BRH:0
end_of_record
TN:
SF:src/services/mqttService.js
FN:13,(anonymous_0)
FN:31,(anonymous_1)
FN:55,(anonymous_2)
FN:63,(anonymous_3)
FN:67,(anonymous_4)
FN:72,(anonymous_5)
FN:78,(anonymous_6)
FN:88,(anonymous_7)
FN:101,(anonymous_8)
FN:107,(anonymous_9)
FN:127,(anonymous_10)
FN:503,(anonymous_11)
FN:524,(anonymous_12)
FN:535,(anonymous_13)
FN:545,(anonymous_14)
FN:552,(anonymous_15)
FN:553,(anonymous_16)
FN:566,(anonymous_17)
FN:579,(anonymous_18)
FN:590,(anonymous_19)
FNF:20
FNH:1
FNDA:5,(anonymous_0)
FNDA:0,(anonymous_1)
FNDA:0,(anonymous_2)
FNDA:0,(anonymous_3)
FNDA:0,(anonymous_4)
FNDA:0,(anonymous_5)
FNDA:0,(anonymous_6)
FNDA:0,(anonymous_7)
FNDA:0,(anonymous_8)
FNDA:0,(anonymous_9)
FNDA:0,(anonymous_10)
FNDA:0,(anonymous_11)
FNDA:0,(anonymous_12)
FNDA:0,(anonymous_13)
FNDA:0,(anonymous_14)
FNDA:0,(anonymous_15)
FNDA:0,(anonymous_16)
FNDA:0,(anonymous_17)
FNDA:0,(anonymous_18)
FNDA:0,(anonymous_19)
DA:1,5
DA:2,5
DA:3,5
DA:4,5
DA:5,5
DA:14,5
DA:15,5
DA:16,5
DA:17,5
DA:18,5
DA:19,5
DA:20,5
DA:23,5
DA:24,5
DA:25,5
DA:32,0
DA:33,0
DA:42,0
DA:49,0
DA:50,0
DA:53,0
DA:55,0
DA:56,0
DA:57,0
DA:58,0
DA:59,0
DA:60,0
DA:63,0
DA:64,0
DA:67,0
DA:68,0
DA:69,0
DA:72,0
DA:73,0
DA:74,0
DA:75,0
DA:78,0
DA:79,0
DA:80,0
DA:82,0
DA:83,0
DA:84,0
DA:88,0
DA:89,0
DA:93,0
DA:94,0
DA:102,0
DA:103,0
DA:104,0
DA:107,0
DA:108,0
DA:109,0
DA:110,0
DA:111,0
DA:112,0
DA:114,0
DA:117,0
DA:128,0
DA:129,0
DA:130,0
DA:132,0
DA:133,0
DA:134,0
DA:135,0
DA:137,0
DA:144,0
DA:145,0
DA:146,0
DA:147,0
DA:149,0
DA:150,0
DA:151,0
DA:153,0
DA:154,0
DA:155,0
DA:157,0
DA:158,0
DA:161,0
DA:162,0
DA:163,0
DA:167,0
DA:172,0
DA:179,0
DA:180,0
DA:189,0
DA:190,0
DA:191,0
DA:194,0
DA:195,0
DA:196,0
DA:197,0
DA:198,0
DA:199,0
DA:200,0
DA:205,0
DA:218,0
DA:221,0
DA:222,0
DA:223,0
DA:225,0
DA:226,0
DA:227,0
DA:228,0
DA:230,0
DA:231,0
DA:234,0
DA:235,0
DA:236,0
DA:240,0
DA:241,0
DA:244,0
DA:245,0
DA:251,0
DA:252,0
DA:255,0
DA:256,0
DA:257,0
DA:260,0
DA:261,0
DA:263,0
DA:264,0
DA:265,0
DA:266,0
DA:267,0
DA:268,0
DA:269,0
DA:274,0
DA:285,0
DA:288,0
DA:289,0
DA:290,0
DA:292,0
DA:293,0
DA:294,0
DA:297,0
DA:298,0
DA:301,0
DA:302,0
DA:303,0
DA:307,0
DA:310,0
DA:311,0
DA:312,0
DA:313,0
DA:316,0
DA:324,0
DA:328,0
DA:329,0
DA:330,0
DA:332,0
DA:333,0
DA:334,0
DA:336,0
DA:337,0
DA:340,0
DA:341,0
DA:342,0
DA:346,0
DA:347,0
DA:355,0
DA:356,0
DA:364,0
DA:365,0
DA:366,0
DA:369,0
DA:370,0
DA:371,0
DA:372,0
DA:373,0
DA:374,0
DA:375,0
DA:380,0
DA:391,0
DA:394,0
DA:396,0
DA:397,0
DA:398,0
DA:400,0
DA:401,0
DA:402,0
DA:404,0
DA:405,0
DA:408,0
DA:409,0
DA:410,0
DA:413,0
DA:415,0
DA:420,0
DA:421,0
DA:422,0
DA:425,0
DA:426,0
DA:428,0
DA:429,0
DA:430,0
DA:434,0
DA:435,0
DA:442,0
DA:443,0
DA:452,0
DA:455,0
DA:456,0
DA:457,0
DA:458,0
DA:459,0
DA:460,0
DA:461,0
DA:466,0
DA:478,0
DA:479,0
DA:483,0
DA:484,0
DA:488,0
DA:489,0
DA:490,0
DA:491,0
DA:493,0
DA:497,0
DA:506,0
DA:507,0
DA:509,0
DA:512,0
DA:513,0
DA:514,0
DA:516,0
DA:517,0
DA:527,0
DA:528,0
DA:530,0
DA:533,0
DA:534,0
DA:535,0
DA:537,0
DA:538,0
DA:546,0
DA:547,0
DA:550,0
DA:552,0
DA:553,0
DA:554,0
DA:555,0
DA:557,0
DA:567,0
DA:580,0
DA:581,0
DA:582,0
DA:583,0
DA:593,0
DA:595,0
DA:596,0
DA:615,0
DA:617,0
DA:618,0
DA:637,0
DA:639,0
DA:640,0
DA:649,0
DA:651,0
DA:652,0
DA:670,0
DA:673,0
DA:674,0
DA:675,0
DA:676,0
DA:678,0
DA:684,5
LF:266
LH:16
BRDA:20,0,0,5
BRDA:20,0,1,0
BRDA:23,1,0,5
BRDA:23,1,1,0
BRDA:45,2,0,0
BRDA:45,2,1,0
BRDA:49,3,0,0
BRDA:49,3,1,0
BRDA:49,4,0,0
BRDA:49,4,1,0
BRDA:49,4,2,0
BRDA:82,5,0,0
BRDA:82,5,1,0
BRDA:102,6,0,0
BRDA:102,6,1,0
BRDA:108,7,0,0
BRDA:108,7,1,0
BRDA:109,8,0,0
BRDA:109,8,1,0
BRDA:109,9,0,0
BRDA:109,9,1,0
BRDA:109,9,2,0
BRDA:111,10,0,0
BRDA:111,10,1,0
BRDA:111,11,0,0
BRDA:111,11,1,0
BRDA:135,12,0,0
BRDA:135,12,1,0
BRDA:144,13,0,0
BRDA:144,13,1,0
BRDA:144,14,0,0
BRDA:144,14,1,0
BRDA:149,15,0,0
BRDA:149,15,1,0
BRDA:149,16,0,0
BRDA:149,16,1,0
BRDA:149,16,2,0
BRDA:161,17,0,0
BRDA:161,17,1,0
BRDA:161,18,0,0
BRDA:161,18,1,0
BRDA:161,18,2,0
BRDA:196,19,0,0
BRDA:196,19,1,0
BRDA:221,20,0,0
BRDA:221,20,1,0
BRDA:225,21,0,0
BRDA:225,21,1,0
BRDA:234,22,0,0
BRDA:234,22,1,0
BRDA:234,23,0,0
BRDA:234,23,1,0
BRDA:234,23,2,0
BRDA:241,24,0,0
BRDA:241,24,1,0
BRDA:251,25,0,0
BRDA:251,25,1,0
BRDA:261,26,0,0
BRDA:261,26,1,0
BRDA:264,27,0,0
BRDA:264,27,1,0
BRDA:265,28,0,0
BRDA:265,28,1,0
BRDA:288,29,0,0
BRDA:288,29,1,0
BRDA:292,30,0,0
BRDA:292,30,1,0
BRDA:328,31,0,0
BRDA:328,31,1,0
BRDA:328,32,0,0
BRDA:328,32,1,0
BRDA:340,33,0,0
BRDA:340,33,1,0
BRDA:371,34,0,0
BRDA:371,34,1,0
BRDA:394,35,0,0
BRDA:394,35,1,0
BRDA:408,36,0,0
BRDA:408,36,1,0
BRDA:408,37,0,0
BRDA:408,37,1,0
BRDA:408,37,2,0
BRDA:420,38,0,0
BRDA:420,38,1,0
BRDA:428,39,0,0
BRDA:428,39,1,0
BRDA:457,40,0,0
BRDA:457,40,1,0
BRDA:488,41,0,0
BRDA:488,41,1,0
BRDA:488,42,0,0
BRDA:488,42,1,0
BRDA:488,42,2,0
BRDA:503,43,0,0
BRDA:506,44,0,0
BRDA:506,44,1,0
BRDA:506,45,0,0
BRDA:506,45,1,0
BRDA:514,46,0,0
BRDA:514,46,1,0
BRDA:514,47,0,0
BRDA:514,47,1,0
BRDA:524,48,0,0
BRDA:524,49,0,0
BRDA:527,50,0,0
BRDA:527,50,1,0
BRDA:527,51,0,0
BRDA:527,51,1,0
BRDA:546,52,0,0
BRDA:546,52,1,0
BRDA:554,53,0,0
BRDA:554,53,1,0
BRDA:580,54,0,0
BRDA:580,54,1,0
BRDA:593,55,0,0
BRDA:593,55,1,0
BRDA:593,55,2,0
BRDA:593,55,3,0
BRDA:673,56,0,0
BRDA:673,56,1,0
BRDA:673,57,0,0
BRDA:673,57,1,0
BRF:122
BRH:2
end_of_record
TN:
SF:src/services/notificationService.js
FN:10,(anonymous_0)
FN:21,(anonymous_1)
FN:92,(anonymous_2)
FN:120,(anonymous_3)
FN:139,(anonymous_4)
FN:158,(anonymous_5)
FN:178,(anonymous_6)
FN:238,(anonymous_7)
FN:256,(anonymous_8)
FN:259,(anonymous_9)
FN:269,(anonymous_10)
FN:295,(anonymous_11)
FN:309,(anonymous_12)
FN:327,(anonymous_13)
FN:413,(anonymous_14)
FN:426,(anonymous_15)
FN:444,(anonymous_16)
FN:469,(anonymous_17)
FN:540,(anonymous_18)
FN:554,(anonymous_19)
FNF:20
FNH:1
FNDA:4,(anonymous_0)
FNDA:0,(anonymous_1)
FNDA:0,(anonymous_2)
FNDA:0,(anonymous_3)
FNDA:0,(anonymous_4)
FNDA:0,(anonymous_5)
FNDA:0,(anonymous_6)
FNDA:0,(anonymous_7)
FNDA:0,(anonymous_8)
FNDA:0,(anonymous_9)
FNDA:0,(anonymous_10)
FNDA:0,(anonymous_11)
FNDA:0,(anonymous_12)
FNDA:0,(anonymous_13)
FNDA:0,(anonymous_14)
FNDA:0,(anonymous_15)
FNDA:0,(anonymous_16)
FNDA:0,(anonymous_17)
FNDA:0,(anonymous_18)
FNDA:0,(anonymous_19)
DA:1,4
DA:2,4
DA:3,4
DA:11,4
DA:12,4
DA:13,4
DA:30,0
DA:33,0
DA:34,0
DA:36,0
DA:37,0
DA:38,0
DA:39,0
DA:40,0
DA:44,0
DA:45,0
DA:49,0
DA:58,0
DA:61,0
DA:62,0
DA:65,0
DA:67,0
DA:68,0
DA:70,0
DA:71,0
DA:73,0
DA:74,0
DA:76,0
DA:77,0
DA:79,0
DA:80,0
DA:82,0
DA:85,0
DA:87,0
DA:92,0
DA:93,0
DA:96,0
DA:106,0
DA:123,0
DA:125,0
DA:142,0
DA:144,0
DA:161,0
DA:163,0
DA:179,0
DA:180,0
DA:183,0
DA:192,0
DA:193,0
DA:199,0
DA:200,0
DA:203,0
DA:208,0
DA:210,0
DA:220,0
DA:222,0
DA:241,0
DA:243,0
DA:257,0
DA:259,0
DA:260,0
DA:277,0
DA:279,0
DA:286,0
DA:296,0
DA:310,0
DA:315,0
DA:316,0
DA:319,0
DA:335,0
DA:337,0
DA:338,0
DA:339,0
DA:341,0
DA:342,0
DA:343,0
DA:344,0
DA:347,0
DA:348,0
DA:349,0
DA:350,0
DA:353,0
DA:354,0
DA:355,0
DA:356,0
DA:359,0
DA:360,0
DA:361,0
DA:362,0
DA:365,0
DA:366,0
DA:368,0
DA:371,0
DA:372,0
DA:373,0
DA:375,0
DA:376,0
DA:377,0
DA:378,0
DA:381,0
DA:382,0
DA:383,0
DA:384,0
DA:387,0
DA:388,0
DA:389,0
DA:390,0
DA:393,0
DA:394,0
DA:395,0
DA:396,0
DA:399,0
DA:400,0
DA:402,0
DA:414,0
DA:418,0
DA:427,0
DA:432,0
DA:433,0
DA:436,0
DA:451,0
DA:453,0
DA:460,0
DA:476,0
DA:478,0
DA:479,0
DA:480,0
DA:482,0
DA:483,0
DA:484,0
DA:485,0
DA:488,0
DA:489,0
DA:490,0
DA:491,0
DA:494,0
DA:495,0
DA:496,0
DA:497,0
DA:500,0
DA:501,0
DA:502,0
DA:503,0
DA:506,0
DA:507,0
DA:508,0
DA:509,0
DA:512,0
DA:513,0
DA:516,0
DA:517,0
DA:519,0
DA:526,0
DA:528,0
DA:529,0
DA:532,0
DA:541,0
DA:546,0
DA:559,0
DA:561,0
DA:571,4
LF:161
LH:7
BRDA:25,0,0,0
BRDA:26,1,0,0
BRDA:27,2,0,0
BRDA:28,3,0,0
BRDA:29,4,0,0
BRDA:36,5,0,0
BRDA:36,5,1,0
BRDA:38,6,0,0
BRDA:38,6,1,0
BRDA:65,7,0,0
BRDA:65,7,1,0
BRDA:65,7,2,0
BRDA:65,7,3,0
BRDA:65,7,4,0
BRDA:65,7,5,0
BRDA:93,8,0,0
BRDA:93,8,1,0
BRDA:120,9,0,0
BRDA:139,10,0,0
BRDA:158,11,0,0
BRDA:178,12,0,0
BRDA:178,13,0,0
BRDA:179,14,0,0
BRDA:179,14,1,0
BRDA:199,15,0,0
BRDA:199,15,1,0
BRDA:238,16,0,0
BRDA:256,17,0,0
BRDA:257,18,0,0
BRDA:257,18,1,0
BRDA:260,19,0,0
BRDA:260,19,1,0
BRDA:295,20,0,0
BRDA:315,21,0,0
BRDA:315,21,1,0
BRDA:327,22,0,0
BRDA:329,23,0,0
BRDA:330,24,0,0
BRDA:331,25,0,0
BRDA:332,26,0,0
BRDA:333,27,0,0
BRDA:334,28,0,0
BRDA:341,29,0,0
BRDA:341,29,1,0
BRDA:347,30,0,0
BRDA:347,30,1,0
BRDA:353,31,0,0
BRDA:353,31,1,0
BRDA:359,32,0,0
BRDA:359,32,1,0
BRDA:375,33,0,0
BRDA:375,33,1,0
BRDA:381,34,0,0
BRDA:381,34,1,0
BRDA:387,35,0,0
BRDA:387,35,1,0
BRDA:393,36,0,0
BRDA:393,36,1,0
BRDA:432,37,0,0
BRDA:432,37,1,0
BRDA:449,38,0,0
BRDA:450,39,0,0
BRDA:482,40,0,0
BRDA:482,40,1,0
BRDA:488,41,0,0
BRDA:488,41,1,0
BRDA:494,42,0,0
BRDA:494,42,1,0
BRDA:500,43,0,0
BRDA:500,43,1,0
BRDA:506,44,0,0
BRDA:506,44,1,0
BRDA:512,45,0,0
BRDA:512,45,1,0
BRDA:528,46,0,0
BRDA:528,46,1,0
BRDA:556,47,0,0
BRDA:557,48,0,0
BRDA:558,49,0,0
BRF:79
BRH:0
end_of_record
TN:
SF:src/services/queueService.js
FN:9,(anonymous_0)
FN:24,(anonymous_1)
FN:53,(anonymous_2)
FN:65,(anonymous_3)
FN:80,(anonymous_4)
FN:102,(anonymous_5)
FN:139,(anonymous_6)
FN:166,(anonymous_7)
FN:203,(anonymous_8)
FN:244,(anonymous_9)
FN:274,(anonymous_10)
FN:291,(anonymous_11)
FN:307,(anonymous_12)
FN:324,(anonymous_13)
FN:368,(anonymous_14)
FN:392,(anonymous_15)
FN:423,(anonymous_16)
FN:427,(anonymous_17)
FN:442,(anonymous_18)
FN:477,(anonymous_19)
FN:492,(anonymous_20)
FNF:21
FNH:1
FNDA:4,(anonymous_0)
FNDA:0,(anonymous_1)
FNDA:0,(anonymous_2)
FNDA:0,(anonymous_3)
FNDA:0,(anonymous_4)
FNDA:0,(anonymous_5)
FNDA:0,(anonymous_6)
FNDA:0,(anonymous_7)
FNDA:0,(anonymous_8)
FNDA:0,(anonymous_9)
FNDA:0,(anonymous_10)
FNDA:0,(anonymous_11)
FNDA:0,(anonymous_12)
FNDA:0,(anonymous_13)
FNDA:0,(anonymous_14)
FNDA:0,(anonymous_15)
FNDA:0,(anonymous_16)
FNDA:0,(anonymous_17)
FNDA:0,(anonymous_18)
FNDA:0,(anonymous_19)
FNDA:0,(anonymous_20)
DA:1,4
DA:2,4
DA:10,4
DA:11,4
DA:12,4
DA:13,4
DA:14,4
DA:15,4
DA:16,4
DA:17,4
DA:18,4
DA:25,0
DA:27,0
DA:28,0
DA:30,0
DA:31,0
DA:33,0
DA:37,0
DA:39,0
DA:40,0
DA:42,0
DA:43,0
DA:45,0
DA:54,0
DA:55,0
DA:56,0
DA:59,0
DA:61,0
DA:62,0
DA:65,0
DA:66,0
DA:67,0
DA:68,0
DA:70,0
DA:74,0
DA:81,0
DA:82,0
DA:83,0
DA:86,0
DA:87,0
DA:89,0
DA:90,0
DA:91,0
DA:94,0
DA:103,0
DA:116,0
DA:117,0
DA:119,0
DA:122,0
DA:129,0
DA:131,0
DA:132,0
DA:140,0
DA:142,0
DA:149,0
DA:150,0
DA:153,0
DA:155,0
DA:156,0
DA:159,0
DA:167,0
DA:169,0
DA:174,0
DA:175,0
DA:178,0
DA:180,0
DA:182,0
DA:187,0
DA:188,0
DA:189,0
DA:194,0
DA:204,0
DA:206,0
DA:208,0
DA:211,0
DA:213,0
DA:215,0
DA:217,0
DA:220,0
DA:228,0
DA:231,0
DA:234,0
DA:235,0
DA:245,0
DA:247,0
DA:248,0
DA:250,0
DA:253,0
DA:256,0
DA:259,0
DA:260,0
DA:263,0
DA:264,0
DA:275,0
DA:276,0
DA:277,0
DA:278,0
DA:280,0
DA:281,0
DA:292,0
DA:293,0
DA:294,0
DA:295,0
DA:297,0
DA:298,0
DA:308,0
DA:310,0
DA:311,0
DA:313,0
DA:314,0
DA:325,0
DA:327,0
DA:329,0
DA:332,0
DA:334,0
DA:337,0
DA:346,0
DA:353,0
DA:356,0
DA:358,0
DA:369,0
DA:385,0
DA:393,0
DA:394,0
DA:395,0
DA:397,0
DA:399,0
DA:407,0
DA:408,0
DA:424,0
DA:425,0
DA:427,0
DA:432,0
DA:433,0
DA:443,0
DA:445,0
DA:447,0
DA:448,0
DA:451,0
DA:452,0
DA:455,0
DA:456,0
DA:457,0
DA:458,0
DA:460,0
DA:463,0
DA:465,0
DA:467,0
DA:469,0
DA:470,0
DA:478,0
DA:479,0
DA:480,0
DA:481,0
DA:483,0
DA:493,0
DA:494,0
DA:495,0
DA:497,0
DA:501,4
LF:160
LH:12
BRDA:30,0,0,0
BRDA:30,0,1,0
BRDA:42,1,0,0
BRDA:42,1,1,0
BRDA:54,2,0,0
BRDA:54,2,1,0
BRDA:81,3,0,0
BRDA:81,3,1,0
BRDA:89,4,0,0
BRDA:89,4,1,0
BRDA:105,5,0,0
BRDA:105,5,1,0
BRDA:106,6,0,0
BRDA:106,6,1,0
BRDA:107,7,0,0
BRDA:107,7,1,0
BRDA:108,8,0,0
BRDA:108,8,1,0
BRDA:109,9,0,0
BRDA:109,9,1,0
BRDA:110,10,0,0
BRDA:110,10,1,0
BRDA:111,11,0,0
BRDA:111,11,1,0
BRDA:149,12,0,0
BRDA:149,12,1,0
BRDA:149,13,0,0
BRDA:149,13,1,0
BRDA:174,14,0,0
BRDA:174,14,1,0
BRDA:174,15,0,0
BRDA:174,15,1,0
BRDA:180,16,0,0
BRDA:180,16,1,0
BRDA:187,17,0,0
BRDA:187,17,1,0
BRDA:187,18,0,0
BRDA:187,18,1,0
BRDA:213,19,0,0
BRDA:213,19,1,0
BRDA:248,20,0,0
BRDA:248,20,1,0
BRDA:248,20,2,0
BRDA:248,20,3,0
BRDA:324,21,0,0
BRDA:325,22,0,0
BRDA:325,22,1,0
BRDA:327,23,0,0
BRDA:327,23,1,0
BRDA:349,24,0,0
BRDA:349,24,1,0
BRDA:372,25,0,0
BRDA:372,25,1,0
BRDA:373,26,0,0
BRDA:373,26,1,0
BRDA:374,27,0,0
BRDA:374,27,1,0
BRDA:375,28,0,0
BRDA:375,28,1,0
BRDA:376,29,0,0
BRDA:376,29,1,0
BRDA:377,30,0,0
BRDA:377,30,1,0
BRDA:378,31,0,0
BRDA:378,31,1,0
BRDA:379,32,0,0
BRDA:379,32,1,0
BRDA:380,33,0,0
BRDA:380,33,1,0
BRDA:382,34,0,0
BRDA:382,34,1,0
BRDA:423,35,0,0
BRDA:447,36,0,0
BRDA:447,36,1,0
BRDA:447,37,0,0
BRDA:447,37,1,0
BRF:76
BRH:0
end_of_record
TN:
SF:src/services/rulesEngineService.js
FN:13,(anonymous_0)
FN:29,(anonymous_1)
FN:42,(anonymous_2)
FN:56,(anonymous_3)
FN:76,(anonymous_4)
FN:97,(anonymous_5)
FN:153,(anonymous_6)
FN:166,(anonymous_7)
FN:174,(anonymous_8)
FN:213,(anonymous_9)
FN:247,(anonymous_10)
FN:275,(anonymous_11)
FN:307,(anonymous_12)
FN:315,(anonymous_13)
FN:315,(anonymous_14)
FN:325,(anonymous_15)
FN:334,(anonymous_16)
FN:366,(anonymous_17)
FN:374,(anonymous_18)
FN:374,(anonymous_19)
FN:412,(anonymous_20)
FN:432,(anonymous_21)
FN:466,(anonymous_22)
FN:485,(anonymous_23)
FN:515,(anonymous_24)
FN:533,(anonymous_25)
FN:551,(anonymous_26)
FN:583,(anonymous_27)
FN:604,(anonymous_28)
FN:616,(anonymous_29)
FN:628,(anonymous_30)
FN:629,(anonymous_31)
FN:640,(anonymous_32)
FN:654,(anonymous_33)
FN:678,(anonymous_34)
FN:699,(anonymous_35)
FN:708,(anonymous_36)
FNF:37
FNH:1
FNDA:4,(anonymous_0)
FNDA:0,(anonymous_1)
FNDA:0,(anonymous_2)
FNDA:0,(anonymous_3)
FNDA:0,(anonymous_4)
FNDA:0,(anonymous_5)
FNDA:0,(anonymous_6)
FNDA:0,(anonymous_7)
FNDA:0,(anonymous_8)
FNDA:0,(anonymous_9)
FNDA:0,(anonymous_10)
FNDA:0,(anonymous_11)
FNDA:0,(anonymous_12)
FNDA:0,(anonymous_13)
FNDA:0,(anonymous_14)
FNDA:0,(anonymous_15)
FNDA:0,(anonymous_16)
FNDA:0,(anonymous_17)
FNDA:0,(anonymous_18)
FNDA:0,(anonymous_19)
FNDA:0,(anonymous_20)
FNDA:0,(anonymous_21)
FNDA:0,(anonymous_22)
FNDA:0,(anonymous_23)
FNDA:0,(anonymous_24)
FNDA:0,(anonymous_25)
FNDA:0,(anonymous_26)
FNDA:0,(anonymous_27)
FNDA:0,(anonymous_28)
FNDA:0,(anonymous_29)
FNDA:0,(anonymous_30)
FNDA:0,(anonymous_31)
FNDA:0,(anonymous_32)
FNDA:0,(anonymous_33)
FNDA:0,(anonymous_34)
FNDA:0,(anonymous_35)
FNDA:0,(anonymous_36)
DA:1,4
DA:2,4
DA:3,4
DA:4,4
DA:5,4
DA:6,4
DA:14,4
DA:15,4
DA:16,4
DA:17,4
DA:30,0
DA:31,0
DA:32,0
DA:35,0
DA:36,0
DA:39,0
DA:42,0
DA:43,0
DA:44,0
DA:46,0
DA:50,0
DA:57,0
DA:58,0
DA:59,0
DA:62,0
DA:63,0
DA:65,0
DA:66,0
DA:67,0
DA:70,0
DA:77,0
DA:79,0
DA:83,0
DA:85,0
DA:86,0
DA:89,0
DA:98,0
DA:100,0
DA:101,0
DA:103,0
DA:104,0
DA:105,0
DA:107,0
DA:109,0
DA:114,0
DA:116,0
DA:117,0
DA:120,0
DA:123,0
DA:126,0
DA:132,0
DA:135,0
DA:143,0
DA:144,0
DA:154,0
DA:155,0
DA:158,0
DA:160,0
DA:161,0
DA:162,0
DA:166,0
DA:175,0
DA:177,0
DA:179,0
DA:182,0
DA:185,0
DA:188,0
DA:191,0
DA:194,0
DA:197,0
DA:200,0
DA:201,0
DA:214,0
DA:216,0
DA:217,0
DA:220,0
DA:222,0
DA:224,0
DA:226,0
DA:228,0
DA:230,0
DA:232,0
DA:234,0
DA:236,0
DA:248,0
DA:249,0
DA:251,0
DA:252,0
DA:255,0
DA:257,0
DA:259,0
DA:261,0
DA:263,0
DA:266,0
DA:276,0
DA:277,0
DA:279,0
DA:281,0
DA:282,0
DA:285,0
DA:286,0
DA:289,0
DA:290,0
DA:291,0
DA:294,0
DA:308,0
DA:309,0
DA:311,0
DA:312,0
DA:315,0
DA:317,0
DA:318,0
DA:323,0
DA:325,0
DA:326,0
DA:328,0
DA:329,0
DA:331,0
DA:332,0
DA:334,0
DA:335,0
DA:337,0
DA:340,0
DA:342,0
DA:344,0
DA:346,0
DA:348,0
DA:350,0
DA:352,0
DA:354,0
DA:367,0
DA:368,0
DA:370,0
DA:371,0
DA:374,0
DA:376,0
DA:377,0
DA:381,0
DA:382,0
DA:384,0
DA:385,0
DA:386,0
DA:387,0
DA:388,0
DA:391,0
DA:392,0
DA:394,0
DA:396,0
DA:398,0
DA:400,0
DA:402,0
DA:413,0
DA:415,0
DA:416,0
DA:419,0
DA:420,0
DA:421,0
DA:422,0
DA:424,0
DA:433,0
DA:434,0
DA:437,0
DA:439,0
DA:441,0
DA:442,0
DA:446,0
DA:448,0
DA:450,0
DA:451,0
DA:455,0
DA:456,0
DA:458,0
DA:467,0
DA:468,0
DA:471,0
DA:472,0
DA:473,0
DA:475,0
DA:486,0
DA:488,0
DA:490,0
DA:491,0
DA:494,0
DA:495,0
DA:498,0
DA:499,0
DA:502,0
DA:503,0
DA:506,0
DA:516,0
DA:519,0
DA:534,0
DA:537,0
DA:552,0
DA:554,0
DA:557,0
DA:564,0
DA:584,0
DA:587,0
DA:605,0
DA:606,0
DA:607,0
DA:617,0
DA:618,0
DA:620,0
DA:621,0
DA:624,0
DA:625,0
DA:627,0
DA:628,0
DA:629,0
DA:641,0
DA:655,0
DA:657,0
DA:670,0
DA:679,0
DA:681,0
DA:682,0
DA:683,0
DA:684,0
DA:690,0
DA:698,0
DA:699,0
DA:709,0
DA:717,4
LF:225
LH:11
BRDA:30,0,0,0
BRDA:30,0,1,0
BRDA:57,1,0,0
BRDA:57,1,1,0
BRDA:65,2,0,0
BRDA:65,2,1,0
BRDA:103,3,0,0
BRDA:103,3,1,0
BRDA:105,4,0,0
BRDA:105,4,1,0
BRDA:107,5,0,0
BRDA:107,5,1,0
BRDA:116,6,0,0
BRDA:116,6,1,0
BRDA:154,7,0,0
BRDA:154,7,1,0
BRDA:154,8,0,0
BRDA:154,8,1,0
BRDA:177,9,0,0
BRDA:177,9,1,0
BRDA:177,9,2,0
BRDA:177,9,3,0
BRDA:177,9,4,0
BRDA:177,9,5,0
BRDA:177,9,6,0
BRDA:177,9,7,0
BRDA:216,10,0,0
BRDA:216,10,1,0
BRDA:216,11,0,0
BRDA:216,11,1,0
BRDA:222,12,0,0
BRDA:222,12,1,0
BRDA:222,12,2,0
BRDA:222,12,3,0
BRDA:222,12,4,0
BRDA:222,12,5,0
BRDA:222,12,6,0
BRDA:251,13,0,0
BRDA:251,13,1,0
BRDA:257,14,0,0
BRDA:257,14,1,0
BRDA:257,14,2,0
BRDA:279,15,0,0
BRDA:279,15,1,0
BRDA:279,15,2,0
BRDA:279,15,3,0
BRDA:282,16,0,0
BRDA:282,16,1,0
BRDA:291,17,0,0
BRDA:291,17,1,0
BRDA:311,18,0,0
BRDA:311,18,1,0
BRDA:311,19,0,0
BRDA:311,19,1,0
BRDA:317,20,0,0
BRDA:317,20,1,0
BRDA:323,21,0,0
BRDA:323,21,1,0
BRDA:323,21,2,0
BRDA:323,21,3,0
BRDA:323,21,4,0
BRDA:340,22,0,0
BRDA:340,22,1,0
BRDA:340,22,2,0
BRDA:340,22,3,0
BRDA:340,22,4,0
BRDA:340,22,5,0
BRDA:340,22,6,0
BRDA:370,23,0,0
BRDA:370,23,1,0
BRDA:370,24,0,0
BRDA:370,24,1,0
BRDA:376,25,0,0
BRDA:376,25,1,0
BRDA:394,26,0,0
BRDA:394,26,1,0
BRDA:394,26,2,0
BRDA:394,26,3,0
BRDA:415,27,0,0
BRDA:415,27,1,0
BRDA:415,28,0,0
BRDA:415,28,1,0
BRDA:439,29,0,0
BRDA:439,29,1,0
BRDA:448,30,0,0
BRDA:448,30,1,0
BRDA:467,31,0,0
BRDA:467,31,1,0
BRDA:467,32,0,0
BRDA:467,32,1,0
BRDA:488,33,0,0
BRDA:488,33,1,0
BRDA:488,33,2,0
BRDA:488,33,3,0
BRDA:488,33,4,0
BRDA:607,34,0,0
BRDA:607,34,1,0
BRDA:620,35,0,0
BRDA:620,35,1,0
BRDA:620,36,0,0
BRDA:620,36,1,0
BRDA:640,37,0,0
BRF:102
BRH:0
end_of_record
TN:
SF:src/services/sensorService.js
FN:12,(anonymous_0)
FN:27,(anonymous_1)
FN:122,(anonymous_2)
FN:127,(anonymous_3)
FN:146,(anonymous_4)
FN:184,(anonymous_5)
FN:241,(anonymous_6)
FN:287,(anonymous_7)
FN:348,(anonymous_8)
FN:383,(anonymous_9)
FN:513,(anonymous_10)
FN:756,(anonymous_11)
FN:767,(anonymous_12)
FN:779,(anonymous_13)
FN:788,(anonymous_14)
FN:792,(anonymous_15)
FNF:16
FNH:1
FNDA:3,(anonymous_0)
FNDA:0,(anonymous_1)
FNDA:0,(anonymous_2)
FNDA:0,(anonymous_3)
FNDA:0,(anonymous_4)
FNDA:0,(anonymous_5)
FNDA:0,(anonymous_6)
FNDA:0,(anonymous_7)
FNDA:0,(anonymous_8)
FNDA:0,(anonymous_9)
FNDA:0,(anonymous_10)
FNDA:0,(anonymous_11)
FNDA:0,(anonymous_12)
FNDA:0,(anonymous_13)
FNDA:0,(anonymous_14)
FNDA:0,(anonymous_15)
DA:1,3
DA:2,3
DA:3,3
DA:4,3
DA:13,3
DA:28,0
DA:30,0
DA:33,0
DA:35,0
DA:67,0
DA:72,0
DA:73,0
DA:85,0
DA:86,0
DA:87,0
DA:91,0
DA:92,0
DA:94,0
DA:95,0
DA:98,0
DA:106,0
DA:109,0
DA:110,0
DA:112,0
DA:113,0
DA:123,0
DA:125,0
DA:126,0
DA:127,0
DA:129,0
DA:130,0
DA:133,0
DA:135,0
DA:136,0
DA:147,0
DA:148,0
DA:150,0
DA:151,0
DA:154,0
DA:155,0
DA:157,0
DA:158,0
DA:159,0
DA:161,0
DA:162,0
DA:163,0
DA:166,0
DA:167,0
DA:168,0
DA:176,0
DA:178,0
DA:183,0
DA:184,0
DA:210,0
DA:212,0
DA:213,0
DA:215,0
DA:216,0
DA:217,0
DA:219,0
DA:220,0
DA:221,0
DA:224,0
DA:225,0
DA:226,0
DA:233,0
DA:235,0
DA:240,0
DA:241,0
DA:255,0
DA:257,0
DA:258,0
DA:260,0
DA:261,0
DA:262,0
DA:264,0
DA:265,0
DA:266,0
DA:269,0
DA:270,0
DA:271,0
DA:279,0
DA:281,0
DA:286,0
DA:287,0
DA:312,0
DA:314,0
DA:315,0
DA:316,0
DA:318,0
DA:319,0
DA:321,0
DA:322,0
DA:323,0
DA:325,0
DA:326,0
DA:327,0
DA:330,0
DA:331,0
DA:332,0
DA:340,0
DA:342,0
DA:347,0
DA:348,0
DA:366,0
DA:369,0
DA:372,0
DA:373,0
DA:385,0
DA:386,0
DA:387,0
DA:390,0
DA:391,0
DA:392,0
DA:393,0
DA:394,0
DA:395,0
DA:396,0
DA:397,0
DA:398,0
DA:399,0
DA:401,0
DA:403,0
DA:405,0
DA:406,0
DA:408,0
DA:411,0
DA:413,0
DA:414,0
DA:415,0
DA:426,0
DA:429,0
DA:430,0
DA:431,0
DA:442,0
DA:445,0
DA:446,0
DA:447,0
DA:457,0
DA:460,0
DA:461,0
DA:462,0
DA:472,0
DA:476,0
DA:480,0
DA:481,0
DA:482,0
DA:483,0
DA:495,0
DA:499,0
DA:500,0
DA:502,0
DA:503,0
DA:514,0
DA:516,0
DA:517,0
DA:518,0
DA:520,0
DA:521,0
DA:523,0
DA:524,0
DA:525,0
DA:527,0
DA:528,0
DA:529,0
DA:532,0
DA:534,0
DA:552,0
DA:553,0
DA:555,0
DA:556,0
DA:557,0
DA:559,0
DA:587,0
DA:588,0
DA:590,0
DA:591,0
DA:592,0
DA:594,0
DA:595,0
DA:596,0
DA:599,0
DA:601,0
DA:622,0
DA:623,0
DA:625,0
DA:626,0
DA:628,0
DA:664,0
DA:665,0
DA:667,0
DA:668,0
DA:669,0
DA:671,0
DA:672,0
DA:673,0
DA:676,0
DA:678,0
DA:700,0
DA:701,0
DA:703,0
DA:704,0
DA:705,0
DA:707,0
DA:744,0
DA:747,0
DA:748,0
DA:757,0
DA:759,0
DA:760,0
DA:761,0
DA:764,0
DA:769,0
DA:771,0
DA:772,0
DA:773,0
DA:774,0
DA:776,0
DA:780,0
DA:782,0
DA:783,0
DA:785,0
DA:789,0
DA:790,0
DA:792,0
DA:797,0
DA:810,3
LF:227
LH:6
BRDA:27,0,0,0
BRDA:75,1,0,0
BRDA:75,1,1,0
BRDA:78,2,0,0
BRDA:78,2,1,0
BRDA:86,3,0,0
BRDA:86,3,1,0
BRDA:86,4,0,0
BRDA:86,4,1,0
BRDA:92,5,0,0
BRDA:92,5,1,0
BRDA:94,6,0,0
BRDA:94,6,1,0
BRDA:94,7,0,0
BRDA:94,7,1,0
BRDA:101,8,0,0
BRDA:101,8,1,0
BRDA:103,9,0,0
BRDA:103,9,1,0
BRDA:129,10,0,0
BRDA:129,10,1,0
BRDA:146,11,0,0
BRDA:147,12,0,0
BRDA:147,13,0,0
BRDA:154,14,0,0
BRDA:154,14,1,0
BRDA:154,15,0,0
BRDA:154,15,1,0
BRDA:157,16,0,0
BRDA:157,16,1,0
BRDA:161,17,0,0
BRDA:161,17,1,0
BRDA:166,18,0,0
BRDA:166,18,1,0
BRDA:212,19,0,0
BRDA:212,19,1,0
BRDA:215,20,0,0
BRDA:215,20,1,0
BRDA:219,21,0,0
BRDA:219,21,1,0
BRDA:224,22,0,0
BRDA:224,22,1,0
BRDA:257,23,0,0
BRDA:257,23,1,0
BRDA:260,24,0,0
BRDA:260,24,1,0
BRDA:264,25,0,0
BRDA:264,25,1,0
BRDA:269,26,0,0
BRDA:269,26,1,0
BRDA:314,27,0,0
BRDA:314,27,1,0
BRDA:321,28,0,0
BRDA:321,28,1,0
BRDA:325,29,0,0
BRDA:325,29,1,0
BRDA:383,30,0,0
BRDA:383,31,0,0
BRDA:385,32,0,0
BRDA:385,32,1,0
BRDA:390,33,0,0
BRDA:390,33,1,0
BRDA:392,34,0,0
BRDA:392,34,1,0
BRDA:394,35,0,0
BRDA:394,35,1,0
BRDA:396,36,0,0
BRDA:396,36,1,0
BRDA:398,37,0,0
BRDA:398,37,1,0
BRDA:398,38,0,0
BRDA:398,38,1,0
BRDA:411,39,0,0
BRDA:411,39,1,0
BRDA:411,39,2,0
BRDA:411,39,3,0
BRDA:411,39,4,0
BRDA:414,40,0,0
BRDA:414,40,1,0
BRDA:421,41,0,0
BRDA:421,41,1,0
BRDA:422,42,0,0
BRDA:422,42,1,0
BRDA:423,43,0,0
BRDA:423,43,1,0
BRDA:430,44,0,0
BRDA:430,44,1,0
BRDA:437,45,0,0
BRDA:437,45,1,0
BRDA:438,46,0,0
BRDA:438,46,1,0
BRDA:439,47,0,0
BRDA:439,47,1,0
BRDA:446,48,0,0
BRDA:446,48,1,0
BRDA:450,49,0,0
BRDA:450,49,1,0
BRDA:451,50,0,0
BRDA:451,50,1,0
BRDA:452,51,0,0
BRDA:452,51,1,0
BRDA:453,52,0,0
BRDA:453,52,1,0
BRDA:454,53,0,0
BRDA:454,53,1,0
BRDA:461,54,0,0
BRDA:461,54,1,0
BRDA:466,55,0,0
BRDA:466,55,1,0
BRDA:467,56,0,0
BRDA:467,56,1,0
BRDA:468,57,0,0
BRDA:468,57,1,0
BRDA:469,58,0,0
BRDA:469,58,1,0
BRDA:482,59,0,0
BRDA:482,59,1,0
BRDA:487,60,0,0
BRDA:487,60,1,0
BRDA:488,61,0,0
BRDA:488,61,1,0
BRDA:489,62,0,0
BRDA:489,62,1,0
BRDA:490,63,0,0
BRDA:490,63,1,0
BRDA:491,64,0,0
BRDA:491,64,1,0
BRDA:520,65,0,0
BRDA:520,65,1,0
BRDA:520,66,0,0
BRDA:520,66,1,0
BRDA:523,67,0,0
BRDA:523,67,1,0
BRDA:527,68,0,0
BRDA:527,68,1,0
BRDA:532,69,0,0
BRDA:532,69,1,0
BRDA:557,70,0,0
BRDA:557,70,1,0
BRDA:565,71,0,0
BRDA:565,71,1,0
BRDA:570,72,0,0
BRDA:570,72,1,0
BRDA:571,73,0,0
BRDA:571,73,1,0
BRDA:572,74,0,0
BRDA:572,74,1,0
BRDA:573,75,0,0
BRDA:573,75,1,0
BRDA:578,76,0,0
BRDA:578,76,1,0
BRDA:579,77,0,0
BRDA:579,77,1,0
BRDA:580,78,0,0
BRDA:580,78,1,0
BRDA:581,79,0,0
BRDA:581,79,1,0
BRDA:587,80,0,0
BRDA:587,80,1,0
BRDA:590,81,0,0
BRDA:590,81,1,0
BRDA:594,82,0,0
BRDA:594,82,1,0
BRDA:599,83,0,0
BRDA:599,83,1,0
BRDA:634,84,0,0
BRDA:634,84,1,0
BRDA:639,85,0,0
BRDA:639,85,1,0
BRDA:640,86,0,0
BRDA:640,86,1,0
BRDA:641,87,0,0
BRDA:641,87,1,0
BRDA:642,88,0,0
BRDA:642,88,1,0
BRDA:647,89,0,0
BRDA:647,89,1,0
BRDA:648,90,0,0
BRDA:648,90,1,0
BRDA:649,91,0,0
BRDA:649,91,1,0
BRDA:650,92,0,0
BRDA:650,92,1,0
BRDA:655,93,0,0
BRDA:655,93,1,0
BRDA:656,94,0,0
BRDA:656,94,1,0
BRDA:657,95,0,0
BRDA:657,95,1,0
BRDA:658,96,0,0
BRDA:658,96,1,0
BRDA:664,97,0,0
BRDA:664,97,1,0
BRDA:667,98,0,0
BRDA:667,98,1,0
BRDA:671,99,0,0
BRDA:671,99,1,0
BRDA:676,100,0,0
BRDA:676,100,1,0
BRDA:705,101,0,0
BRDA:705,101,1,0
BRDA:713,102,0,0
BRDA:713,102,1,0
BRDA:718,103,0,0
BRDA:718,103,1,0
BRDA:719,104,0,0
BRDA:719,104,1,0
BRDA:720,105,0,0
BRDA:720,105,1,0
BRDA:721,106,0,0
BRDA:721,106,1,0
BRDA:726,107,0,0
BRDA:726,107,1,0
BRDA:727,108,0,0
BRDA:727,108,1,0
BRDA:728,109,0,0
BRDA:728,109,1,0
BRDA:729,110,0,0
BRDA:729,110,1,0
BRDA:734,111,0,0
BRDA:734,111,1,0
BRDA:735,112,0,0
BRDA:735,112,1,0
BRDA:736,113,0,0
BRDA:736,113,1,0
BRDA:737,114,0,0
BRDA:737,114,1,0
BRDA:757,115,0,0
BRDA:757,115,1,0
BRDA:769,116,0,0
BRDA:769,116,1,0
BRDA:769,117,0,0
BRDA:769,117,1,0
BRDA:771,118,0,0
BRDA:771,118,1,0
BRDA:772,119,0,0
BRDA:772,119,1,0
BRDA:776,120,0,0
BRDA:776,120,1,0
BRDA:780,121,0,0
BRDA:780,121,1,0
BRDA:780,122,0,0
BRDA:780,122,1,0
BRDA:780,122,2,0
BRDA:802,123,0,0
BRDA:802,123,1,0
BRDA:803,124,0,0
BRDA:803,124,1,0
BRF:248
BRH:0
end_of_record
TN:
SF:src/services/weatherService.js
FN:7,(anonymous_0)
FN:22,(anonymous_1)
FN:95,(anonymous_2)
FN:127,(anonymous_3)
FN:173,(anonymous_4)
FN:187,(anonymous_5)
FN:201,(anonymous_6)
FN:228,(anonymous_7)
FN:231,(anonymous_8)
FN:259,(anonymous_9)
FN:271,(anonymous_10)
FN:296,(anonymous_11)
FN:326,(anonymous_12)
FN:433,(anonymous_13)
FN:457,(anonymous_14)
FN:495,(anonymous_15)
FN:526,(anonymous_16)
FN:545,(anonymous_17)
FN:567,(anonymous_18)
FN:606,(anonymous_19)
FN:620,(anonymous_20)
FN:628,(anonymous_21)
FN:643,(anonymous_22)
FNF:23
FNH:1
FNDA:4,(anonymous_0)
FNDA:0,(anonymous_1)
FNDA:0,(anonymous_2)
FNDA:0,(anonymous_3)
FNDA:0,(anonymous_4)
FNDA:0,(anonymous_5)
FNDA:0,(anonymous_6)
FNDA:0,(anonymous_7)
FNDA:0,(anonymous_8)
FNDA:0,(anonymous_9)
FNDA:0,(anonymous_10)
FNDA:0,(anonymous_11)
FNDA:0,(anonymous_12)
FNDA:0,(anonymous_13)
FNDA:0,(anonymous_14)
FNDA:0,(anonymous_15)
FNDA:0,(anonymous_16)
FNDA:0,(anonymous_17)
FNDA:0,(anonymous_18)
FNDA:0,(anonymous_19)
FNDA:0,(anonymous_20)
FNDA:0,(anonymous_21)
FNDA:0,(anonymous_22)
DA:1,4
DA:2,4
DA:3,4
DA:4,4
DA:8,4
DA:9,4
DA:10,4
DA:12,4
DA:13,0
DA:23,0
DA:24,0
DA:27,0
DA:28,0
DA:29,0
DA:31,0
DA:33,0
DA:43,0
DA:46,0
DA:78,0
DA:80,0
DA:82,0
DA:83,0
DA:84,0
DA:86,0
DA:96,0
DA:97,0
DA:98,0
DA:101,0
DA:105,0
DA:112,0
DA:113,0
DA:128,0
DA:129,0
DA:139,0
DA:159,0
DA:160,0
DA:161,0
DA:163,0
DA:164,0
DA:174,0
DA:175,0
DA:186,0
DA:187,0
DA:189,0
DA:190,0
DA:202,0
DA:203,0
DA:206,0
DA:211,0
DA:212,0
DA:215,0
DA:227,0
DA:228,0
DA:230,0
DA:231,0
DA:249,0
DA:250,0
DA:260,0
DA:261,0
DA:270,0
DA:271,0
DA:286,0
DA:287,0
DA:297,0
DA:298,0
DA:325,0
DA:326,0
DA:362,0
DA:384,0
DA:385,0
DA:387,0
DA:417,0
DA:424,0
DA:425,0
DA:434,0
DA:458,0
DA:459,0
DA:462,0
DA:465,0
DA:467,0
DA:470,0
DA:474,0
DA:481,0
DA:496,0
DA:497,0
DA:499,0
DA:512,0
DA:527,0
DA:528,0
DA:529,0
DA:534,0
DA:535,0
DA:537,0
DA:546,0
DA:547,0
DA:548,0
DA:550,0
DA:551,0
DA:552,0
DA:555,0
DA:557,0
DA:558,0
DA:568,0
DA:607,0
DA:608,0
DA:610,0
DA:611,0
DA:613,0
DA:621,0
DA:629,0
DA:630,0
DA:633,0
DA:634,0
DA:635,0
DA:636,0
DA:644,0
DA:648,4
LF:117
LH:9
BRDA:10,0,0,4
BRDA:10,0,1,0
BRDA:12,1,0,0
BRDA:12,1,1,4
BRDA:22,2,0,0
BRDA:23,3,0,0
BRDA:23,3,1,0
BRDA:28,4,0,0
BRDA:28,4,1,0
BRDA:64,5,0,0
BRDA:64,5,1,0
BRDA:69,6,0,0
BRDA:69,6,1,0
BRDA:70,7,0,0
BRDA:70,7,1,0
BRDA:83,8,0,0
BRDA:83,8,1,0
BRDA:95,9,0,0
BRDA:173,10,0,0
BRDA:201,11,0,0
BRDA:201,12,0,0
BRDA:201,13,0,0
BRDA:238,14,0,0
BRDA:238,14,1,0
BRDA:239,15,0,0
BRDA:239,15,1,0
BRDA:259,16,0,0
BRDA:296,17,0,0
BRDA:330,18,0,0
BRDA:330,18,1,0
BRDA:331,19,0,0
BRDA:331,19,1,0
BRDA:332,20,0,0
BRDA:332,20,1,0
BRDA:335,21,0,0
BRDA:335,21,1,0
BRDA:336,22,0,0
BRDA:336,22,1,0
BRDA:337,23,0,0
BRDA:337,23,1,0
BRDA:340,24,0,0
BRDA:340,24,1,0
BRDA:341,25,0,0
BRDA:341,25,1,0
BRDA:342,26,0,0
BRDA:342,26,1,0
BRDA:345,27,0,0
BRDA:345,27,1,0
BRDA:346,28,0,0
BRDA:346,28,1,0
BRDA:347,29,0,0
BRDA:347,29,1,0
BRDA:350,30,0,0
BRDA:350,30,1,0
BRDA:351,31,0,0
BRDA:351,31,1,0
BRDA:355,32,0,0
BRDA:355,32,1,0
BRDA:356,33,0,0
BRDA:356,33,1,0
BRDA:357,34,0,0
BRDA:357,34,1,0
BRDA:389,35,0,0
BRDA:389,35,1,0
BRDA:390,36,0,0
BRDA:390,36,1,0
BRDA:391,37,0,0
BRDA:391,37,1,0
BRDA:394,38,0,0
BRDA:394,38,1,0
BRDA:395,39,0,0
BRDA:395,39,1,0
BRDA:396,40,0,0
BRDA:396,40,1,0
BRDA:399,41,0,0
BRDA:399,41,1,0
BRDA:400,42,0,0
BRDA:400,42,1,0
BRDA:401,43,0,0
BRDA:401,43,1,0
BRDA:404,44,0,0
BRDA:404,44,1,0
BRDA:405,45,0,0
BRDA:405,45,1,0
BRDA:409,46,0,0
BRDA:409,46,1,0
BRDA:410,47,0,0
BRDA:410,47,1,0
BRDA:411,48,0,0
BRDA:411,48,1,0
BRDA:413,49,0,0
BRDA:413,49,1,0
BRDA:414,50,0,0
BRDA:414,50,1,0
BRDA:419,51,0,0
BRDA:419,51,1,0
BRDA:438,52,0,0
BRDA:438,52,1,0
BRDA:550,53,0,0
BRDA:550,53,1,0
BRDA:629,54,0,0
BRDA:629,54,1,0
BRDA:629,55,0,0
BRDA:629,55,1,0
BRF:104
BRH:2
end_of_record
